<?xml version="1.0" encoding="UTF-8"?>
<testsuite xmlns:xsi="http://www.w3.org/2001/XMLSchema-instance" xsi:noNamespaceSchemaLocation="https://maven.apache.org/surefire/maven-surefire-plugin/xsd/surefire-test-report-3.0.xsd" version="3.0" name="com.venkat.project.uber.uberApp.UberAppApplicationTests" time="5.256" tests="1" errors="0" skipped="0" failures="0">
  <properties>
[...]
</properties>
  <testcase name="contextLoads" classname="com.venkat.project.uber.uberApp.UberAppApplicationTests" time="0.362">
    <system-out><![CDATA[11:23:31.944 [main] INFO org.springframework.test.context.support.AnnotationConfigContextLoaderUtils -- Could not detect default configuration classes for test class [com.venkat.project.uber.uberApp.UberAppApplicationTests]: UberAppApplicationTests does not declare any static, non-private, non-final, nested classes annotated with @Configuration.
11:23:32.041 [main] INFO org.springframework.boot.test.context.SpringBootTestContextBootstrapper -- Found @SpringBootConfiguration com.venkat.project.uber.uberApp.UberAppApplication for test class com.venkat.project.uber.uberApp.UberAppApplicationTests

  .   ____          _            __ _ _
 /\\ / ___'_ __ _ _(_)_ __  __ _ \ \ \ \
( ( )\___ | '_ | '_| | '_ \/ _` | \ \ \ \
 \\/  ___)| |_)| | | | | || (_| |  ) ) ) )
  '  |____| .__|_| |_|_| |_\__, | / / / /
 =========|_|==============|___/=/_/_/_/

 :: Spring Boot ::                (v3.3.4)

2024-09-19T11:23:32.383-05:00  INFO 32836 --- [uberApp] [           main] c.v.p.u.uberApp.UberAppApplicationTests  : Starting UberAppApplicationTests using Java 21.0.4 with PID 32836 (started by venka in E:\uberApp)
2024-09-19T11:23:32.385-05:00  INFO 32836 --- [uberApp] [           main] c.v.p.u.uberApp.UberAppApplicationTests  : No active profile set, falling back to 1 default profile: "default"
2024-09-19T11:23:32.385-05:00 DEBUG 32836 --- [uberApp] [           main] o.s.boot.SpringApplication               : Loading source class com.venkat.project.uber.uberApp.UberAppApplication
2024-09-19T11:23:32.410-05:00 DEBUG 32836 --- [uberApp] [           main] o.s.w.c.s.GenericWebApplicationContext   : Refreshing org.springframework.web.context.support.GenericWebApplicationContext@4d9d1b69
2024-09-19T11:23:32.423-05:00 DEBUG 32836 --- [uberApp] [           main] o.s.b.f.s.DefaultListableBeanFactory     : Creating shared instance of singleton bean 'org.springframework.context.annotation.internalConfigurationAnnotationProcessor'
2024-09-19T11:23:32.436-05:00 DEBUG 32836 --- [uberApp] [           main] o.s.b.f.s.DefaultListableBeanFactory     : Creating shared instance of singleton bean 'org.springframework.boot.autoconfigure.internalCachingMetadataReaderFactory'
2024-09-19T11:23:32.480-05:00 DEBUG 32836 --- [uberApp] [           main] o.s.c.a.ClassPathBeanDefinitionScanner   : Identified candidate component class: file [E:\uberApp\target\classes\com\venkat\project\uber\uberApp\advices\GlobalExceptionHandler.class]
2024-09-19T11:23:32.481-05:00 DEBUG 32836 --- [uberApp] [           main] o.s.c.a.ClassPathBeanDefinitionScanner   : Identified candidate component class: file [E:\uberApp\target\classes\com\venkat\project\uber\uberApp\advices\GlobalResponseHandler.class]
2024-09-19T11:23:32.483-05:00 DEBUG 32836 --- [uberApp] [           main] o.s.c.a.ClassPathBeanDefinitionScanner   : Identified candidate component class: file [E:\uberApp\target\classes\com\venkat\project\uber\uberApp\configs\MapperConfig.class]
2024-09-19T11:23:32.489-05:00 DEBUG 32836 --- [uberApp] [           main] o.s.c.a.ClassPathBeanDefinitionScanner   : Identified candidate component class: file [E:\uberApp\target\classes\com\venkat\project\uber\uberApp\controllers\AuthController.class]
2024-09-19T11:23:32.489-05:00 DEBUG 32836 --- [uberApp] [           main] o.s.c.a.ClassPathBeanDefinitionScanner   : Identified candidate component class: file [E:\uberApp\target\classes\com\venkat\project\uber\uberApp\controllers\DriverController.class]
2024-09-19T11:23:32.489-05:00 DEBUG 32836 --- [uberApp] [           main] o.s.c.a.ClassPathBeanDefinitionScanner   : Identified candidate component class: file [E:\uberApp\target\classes\com\venkat\project\uber\uberApp\controllers\RiderController.class]
2024-09-19T11:23:32.500-05:00 DEBUG 32836 --- [uberApp] [           main] o.s.c.a.ClassPathBeanDefinitionScanner   : Ignored because not a concrete top-level class: file [E:\uberApp\target\classes\com\venkat\project\uber\uberApp\repositories\DriverRepository.class]
2024-09-19T11:23:32.500-05:00 DEBUG 32836 --- [uberApp] [           main] o.s.c.a.ClassPathBeanDefinitionScanner   : Ignored because not a concrete top-level class: file [E:\uberApp\target\classes\com\venkat\project\uber\uberApp\repositories\RideRepository.class]
2024-09-19T11:23:32.501-05:00 DEBUG 32836 --- [uberApp] [           main] o.s.c.a.ClassPathBeanDefinitionScanner   : Ignored because not a concrete top-level class: file [E:\uberApp\target\classes\com\venkat\project\uber\uberApp\repositories\RideRequestRepository.class]
2024-09-19T11:23:32.501-05:00 DEBUG 32836 --- [uberApp] [           main] o.s.c.a.ClassPathBeanDefinitionScanner   : Ignored because not a concrete top-level class: file [E:\uberApp\target\classes\com\venkat\project\uber\uberApp\repositories\RiderRepository.class]
2024-09-19T11:23:32.501-05:00 DEBUG 32836 --- [uberApp] [           main] o.s.c.a.ClassPathBeanDefinitionScanner   : Ignored because not a concrete top-level class: file [E:\uberApp\target\classes\com\venkat\project\uber\uberApp\repositories\UserRepository.class]
2024-09-19T11:23:32.504-05:00 DEBUG 32836 --- [uberApp] [           main] o.s.c.a.ClassPathBeanDefinitionScanner   : Identified candidate component class: file [E:\uberApp\target\classes\com\venkat\project\uber\uberApp\services\impl\AuthServiceImpl.class]
2024-09-19T11:23:32.505-05:00 DEBUG 32836 --- [uberApp] [           main] o.s.c.a.ClassPathBeanDefinitionScanner   : Identified candidate component class: file [E:\uberApp\target\classes\com\venkat\project\uber\uberApp\services\impl\DistanceServiceOSRMImpl.class]
2024-09-19T11:23:32.505-05:00 DEBUG 32836 --- [uberApp] [           main] o.s.c.a.ClassPathBeanDefinitionScanner   : Identified candidate component class: file [E:\uberApp\target\classes\com\venkat\project\uber\uberApp\services\impl\DriverServiceImpl.class]
2024-09-19T11:23:32.506-05:00 DEBUG 32836 --- [uberApp] [           main] o.s.c.a.ClassPathBeanDefinitionScanner   : Identified candidate component class: file [E:\uberApp\target\classes\com\venkat\project\uber\uberApp\services\impl\RideRequestServiceImpl.class]
2024-09-19T11:23:32.506-05:00 DEBUG 32836 --- [uberApp] [           main] o.s.c.a.ClassPathBeanDefinitionScanner   : Identified candidate component class: file [E:\uberApp\target\classes\com\venkat\project\uber\uberApp\services\impl\RiderServiceImpl.class]
2024-09-19T11:23:32.507-05:00 DEBUG 32836 --- [uberApp] [           main] o.s.c.a.ClassPathBeanDefinitionScanner   : Identified candidate component class: file [E:\uberApp\target\classes\com\venkat\project\uber\uberApp\services\impl\RideServiceImpl.class]
2024-09-19T11:23:32.508-05:00 DEBUG 32836 --- [uberApp] [           main] o.s.c.a.ClassPathBeanDefinitionScanner   : Identified candidate component class: file [E:\uberApp\target\classes\com\venkat\project\uber\uberApp\strategies\impl\DriverMatchingHighestRatedDriverStrategy.class]
2024-09-19T11:23:32.508-05:00 DEBUG 32836 --- [uberApp] [           main] o.s.c.a.ClassPathBeanDefinitionScanner   : Identified candidate component class: file [E:\uberApp\target\classes\com\venkat\project\uber\uberApp\strategies\impl\DriverMatchingNearestDriverStrategy.class]
2024-09-19T11:23:32.508-05:00 DEBUG 32836 --- [uberApp] [           main] o.s.c.a.ClassPathBeanDefinitionScanner   : Identified candidate component class: file [E:\uberApp\target\classes\com\venkat\project\uber\uberApp\strategies\impl\RideFareSurgePricingFareCalculationStrategy.class]
2024-09-19T11:23:32.508-05:00 DEBUG 32836 --- [uberApp] [           main] o.s.c.a.ClassPathBeanDefinitionScanner   : Identified candidate component class: file [E:\uberApp\target\classes\com\venkat\project\uber\uberApp\strategies\impl\RiderFareDefaultFareCalculationStrategy.class]
2024-09-19T11:23:32.509-05:00 DEBUG 32836 --- [uberApp] [           main] o.s.c.a.ClassPathBeanDefinitionScanner   : Identified candidate component class: file [E:\uberApp\target\classes\com\venkat\project\uber\uberApp\strategies\RideStrategyManager.class]
2024-09-19T11:23:32.988-05:00  INFO 32836 --- [uberApp] [           main] .s.d.r.c.RepositoryConfigurationDelegate : Bootstrapping Spring Data JPA repositories in DEFAULT mode.
2024-09-19T11:23:32.994-05:00 DEBUG 32836 --- [uberApp] [           main] o.s.b.f.s.DefaultListableBeanFactory     : Creating shared instance of singleton bean 'org.springframework.boot.autoconfigure.AutoConfigurationPackages'
2024-09-19T11:23:33.001-05:00 DEBUG 32836 --- [uberApp] [           main] o.s.b.a.AutoConfigurationPackages        : @EnableAutoConfiguration was declared on a class in the package 'com.venkat.project.uber.uberApp'. Automatic @Repository and @Entity scanning is enabled.
2024-09-19T11:23:33.001-05:00 DEBUG 32836 --- [uberApp] [           main] .s.d.r.c.RepositoryConfigurationDelegate : Scanning for JPA repositories in packages com.venkat.project.uber.uberApp.
2024-09-19T11:23:33.013-05:00 DEBUG 32836 --- [uberApp] [           main] o.s.d.r.c.RepositoryComponentProvider    : Identified candidate component class: file [E:\uberApp\target\classes\com\venkat\project\uber\uberApp\repositories\DriverRepository.class]
2024-09-19T11:23:33.013-05:00 DEBUG 32836 --- [uberApp] [           main] o.s.d.r.c.RepositoryComponentProvider    : Identified candidate component class: file [E:\uberApp\target\classes\com\venkat\project\uber\uberApp\repositories\RideRepository.class]
2024-09-19T11:23:33.013-05:00 DEBUG 32836 --- [uberApp] [           main] o.s.d.r.c.RepositoryComponentProvider    : Identified candidate component class: file [E:\uberApp\target\classes\com\venkat\project\uber\uberApp\repositories\RideRequestRepository.class]
2024-09-19T11:23:33.014-05:00 DEBUG 32836 --- [uberApp] [           main] o.s.d.r.c.RepositoryComponentProvider    : Identified candidate component class: file [E:\uberApp\target\classes\com\venkat\project\uber\uberApp\repositories\RiderRepository.class]
2024-09-19T11:23:33.014-05:00 DEBUG 32836 --- [uberApp] [           main] o.s.d.r.c.RepositoryComponentProvider    : Identified candidate component class: file [E:\uberApp\target\classes\com\venkat\project\uber\uberApp\repositories\UserRepository.class]
2024-09-19T11:23:33.041-05:00 DEBUG 32836 --- [uberApp] [           main] ssPathScanningCandidateComponentProvider : Identified candidate component class: file [E:\uberApp\target\classes\com\venkat\project\uber\uberApp\services\impl\AuthServiceImpl.class]
2024-09-19T11:23:33.041-05:00 DEBUG 32836 --- [uberApp] [           main] ssPathScanningCandidateComponentProvider : Identified candidate component class: file [E:\uberApp\target\classes\com\venkat\project\uber\uberApp\services\impl\DistanceServiceOSRMImpl.class]
2024-09-19T11:23:33.041-05:00 DEBUG 32836 --- [uberApp] [           main] ssPathScanningCandidateComponentProvider : Identified candidate component class: file [E:\uberApp\target\classes\com\venkat\project\uber\uberApp\services\impl\DriverServiceImpl.class]
2024-09-19T11:23:33.042-05:00 DEBUG 32836 --- [uberApp] [           main] ssPathScanningCandidateComponentProvider : Identified candidate component class: file [E:\uberApp\target\classes\com\venkat\project\uber\uberApp\services\impl\RideRequestServiceImpl.class]
2024-09-19T11:23:33.042-05:00 DEBUG 32836 --- [uberApp] [           main] ssPathScanningCandidateComponentProvider : Identified candidate component class: file [E:\uberApp\target\classes\com\venkat\project\uber\uberApp\services\impl\RiderServiceImpl.class]
2024-09-19T11:23:33.042-05:00 DEBUG 32836 --- [uberApp] [           main] ssPathScanningCandidateComponentProvider : Identified candidate component class: file [E:\uberApp\target\classes\com\venkat\project\uber\uberApp\services\impl\RideServiceImpl.class]
2024-09-19T11:23:33.057-05:00  INFO 32836 --- [uberApp] [           main] .s.d.r.c.RepositoryConfigurationDelegate : Finished Spring Data repository scanning in 53 ms. Found 5 JPA repository interfaces.
2024-09-19T11:23:33.219-05:00 DEBUG 32836 --- [uberApp] [           main] o.s.b.f.s.DefaultListableBeanFactory     : Creating shared instance of singleton bean 'propertySourcesPlaceholderConfigurer'
2024-09-19T11:23:33.224-05:00 DEBUG 32836 --- [uberApp] [           main] o.s.b.f.s.DefaultListableBeanFactory     : Creating shared instance of singleton bean 'org.springframework.boot.test.mock.mockito.MockitoPostProcessor'
2024-09-19T11:23:33.225-05:00 DEBUG 32836 --- [uberApp] [           main] o.s.b.f.s.DefaultListableBeanFactory     : Creating shared instance of singleton bean 'emBeanDefinitionRegistrarPostProcessor'
2024-09-19T11:23:33.226-05:00 DEBUG 32836 --- [uberApp] [           main] o.s.b.f.s.DefaultListableBeanFactory     : Creating shared instance of singleton bean 'org.springframework.boot.sql.init.dependency.DatabaseInitializationDependencyConfigurer$DependsOnDatabaseInitializationPostProcessor'
2024-09-19T11:23:33.271-05:00 DEBUG 32836 --- [uberApp] [           main] o.s.b.f.s.DefaultListableBeanFactory     : Creating shared instance of singleton bean 'org.springframework.context.event.internalEventListenerProcessor'
2024-09-19T11:23:33.272-05:00 DEBUG 32836 --- [uberApp] [           main] o.s.b.f.s.DefaultListableBeanFactory     : Creating shared instance of singleton bean 'preserveErrorControllerTargetClassPostProcessor'
2024-09-19T11:23:33.273-05:00 DEBUG 32836 --- [uberApp] [           main] o.s.b.f.s.DefaultListableBeanFactory     : Creating shared instance of singleton bean 'org.springframework.context.event.internalEventListenerFactory'
2024-09-19T11:23:33.274-05:00 DEBUG 32836 --- [uberApp] [           main] o.s.b.f.s.DefaultListableBeanFactory     : Creating shared instance of singleton bean 'org.springframework.transaction.config.internalTransactionalEventListenerFactory'
2024-09-19T11:23:33.278-05:00 DEBUG 32836 --- [uberApp] [           main] o.s.b.f.s.DefaultListableBeanFactory     : Creating shared instance of singleton bean 'org.springframework.boot.test.mock.mockito.MockitoPostProcessor$SpyPostProcessor'
2024-09-19T11:23:33.279-05:00 DEBUG 32836 --- [uberApp] [           main] o.s.b.f.s.DefaultListableBeanFactory     : Creating shared instance of singleton bean 'org.springframework.context.annotation.internalAutowiredAnnotationProcessor'
2024-09-19T11:23:33.281-05:00 DEBUG 32836 --- [uberApp] [           main] o.s.b.f.s.DefaultListableBeanFactory     : Creating shared instance of singleton bean 'org.springframework.context.annotation.internalCommonAnnotationProcessor'
2024-09-19T11:23:33.284-05:00 DEBUG 32836 --- [uberApp] [           main] o.s.b.f.s.DefaultListableBeanFactory     : Creating shared instance of singleton bean 'org.springframework.context.annotation.internalPersistenceAnnotationProcessor'
2024-09-19T11:23:33.284-05:00 DEBUG 32836 --- [uberApp] [           main] o.s.b.f.s.DefaultListableBeanFactory     : Creating shared instance of singleton bean 'org.springframework.boot.context.properties.ConfigurationPropertiesBindingPostProcessor'
2024-09-19T11:23:33.285-05:00 DEBUG 32836 --- [uberApp] [           main] o.s.b.f.s.DefaultListableBeanFactory     : Creating shared instance of singleton bean 'org.springframework.boot.context.internalConfigurationPropertiesBinder'
2024-09-19T11:23:33.287-05:00 DEBUG 32836 --- [uberApp] [           main] o.s.b.f.s.DefaultListableBeanFactory     : Creating shared instance of singleton bean 'jdbcConnectionDetailsHikariBeanPostProcessor'
2024-09-19T11:23:33.290-05:00 DEBUG 32836 --- [uberApp] [           main] o.s.b.f.s.DefaultListableBeanFactory     : Creating shared instance of singleton bean 'org.springframework.aop.config.internalAutoProxyCreator'
2024-09-19T11:23:33.308-05:00 DEBUG 32836 --- [uberApp] [           main] o.s.b.f.s.DefaultListableBeanFactory     : Creating shared instance of singleton bean 'persistenceExceptionTranslationPostProcessor'
2024-09-19T11:23:33.323-05:00 DEBUG 32836 --- [uberApp] [           main] o.s.b.f.s.DefaultListableBeanFactory     : Autowiring by type from bean name 'persistenceExceptionTranslationPostProcessor' via factory method to bean named 'environment'
2024-09-19T11:23:33.327-05:00 DEBUG 32836 --- [uberApp] [           main] o.s.b.f.s.DefaultListableBeanFactory     : Creating shared instance of singleton bean 'webServerFactoryCustomizerBeanPostProcessor'
2024-09-19T11:23:33.327-05:00 DEBUG 32836 --- [uberApp] [           main] o.s.b.f.s.DefaultListableBeanFactory     : Creating shared instance of singleton bean 'errorPageRegistrarBeanPostProcessor'
2024-09-19T11:23:33.328-05:00 DEBUG 32836 --- [uberApp] [           main] o.s.b.f.s.DefaultListableBeanFactory     : Creating shared instance of singleton bean 'projectingArgumentResolverBeanPostProcessor'
2024-09-19T11:23:33.329-05:00 DEBUG 32836 --- [uberApp] [           main] o.s.b.f.s.DefaultListableBeanFactory     : Creating shared instance of singleton bean 'org.springframework.transaction.config.internalTransactionAdvisor'
2024-09-19T11:23:33.329-05:00 DEBUG 32836 --- [uberApp] [           main] o.s.b.f.s.DefaultListableBeanFactory     : Creating shared instance of singleton bean 'org.springframework.transaction.annotation.ProxyTransactionManagementConfiguration'
2024-09-19T11:23:33.336-05:00 DEBUG 32836 --- [uberApp] [           main] o.s.b.f.s.DefaultListableBeanFactory     : Creating shared instance of singleton bean 'transactionAttributeSource'
2024-09-19T11:23:33.337-05:00 DEBUG 32836 --- [uberApp] [           main] o.s.b.f.s.DefaultListableBeanFactory     : Creating shared instance of singleton bean 'transactionInterceptor'
2024-09-19T11:23:33.338-05:00 DEBUG 32836 --- [uberApp] [           main] o.s.b.f.s.DefaultListableBeanFactory     : Autowiring by type from bean name 'transactionInterceptor' via factory method to bean named 'transactionAttributeSource'
2024-09-19T11:23:33.341-05:00 DEBUG 32836 --- [uberApp] [           main] o.s.b.f.s.DefaultListableBeanFactory     : Autowiring by type from bean name 'org.springframework.transaction.config.internalTransactionAdvisor' via factory method to bean named 'transactionAttributeSource'
2024-09-19T11:23:33.341-05:00 DEBUG 32836 --- [uberApp] [           main] o.s.b.f.s.DefaultListableBeanFactory     : Autowiring by type from bean name 'org.springframework.transaction.config.internalTransactionAdvisor' via factory method to bean named 'transactionInterceptor'
2024-09-19T11:23:33.353-05:00 DEBUG 32836 --- [uberApp] [           main] o.s.u.c.s.UiApplicationContextUtils      : Unable to locate ThemeSource with name 'themeSource': using default [org.springframework.ui.context.support.ResourceBundleThemeSource@3fd05b3e]
2024-09-19T11:23:33.354-05:00 DEBUG 32836 --- [uberApp] [           main] o.s.b.f.s.DefaultListableBeanFactory     : Creating shared instance of singleton bean 'entityManagerFactory'
2024-09-19T11:23:33.355-05:00 DEBUG 32836 --- [uberApp] [           main] o.s.b.f.s.DefaultListableBeanFactory     : Creating shared instance of singleton bean 'org.springframework.boot.autoconfigure.orm.jpa.HibernateJpaConfiguration'
2024-09-19T11:23:33.355-05:00 DEBUG 32836 --- [uberApp] [           main] o.s.b.f.s.DefaultListableBeanFactory     : Creating shared instance of singleton bean 'dataSource'
2024-09-19T11:23:33.355-05:00 DEBUG 32836 --- [uberApp] [           main] o.s.b.f.s.DefaultListableBeanFactory     : Creating shared instance of singleton bean 'org.springframework.boot.autoconfigure.jdbc.DataSourceConfiguration$Hikari'
2024-09-19T11:23:33.356-05:00 DEBUG 32836 --- [uberApp] [           main] o.s.b.f.s.DefaultListableBeanFactory     : Creating shared instance of singleton bean 'spring.datasource-org.springframework.boot.autoconfigure.jdbc.DataSourceProperties'
2024-09-19T11:23:33.360-05:00 DEBUG 32836 --- [uberApp] [           main] o.s.b.f.s.DefaultListableBeanFactory     : Creating shared instance of singleton bean 'org.springframework.boot.context.properties.BoundConfigurationProperties'
2024-09-19T11:23:33.384-05:00 DEBUG 32836 --- [uberApp] [           main] o.s.b.f.s.DefaultListableBeanFactory     : Creating shared instance of singleton bean 'jdbcConnectionDetails'
2024-09-19T11:23:33.384-05:00 DEBUG 32836 --- [uberApp] [           main] o.s.b.f.s.DefaultListableBeanFactory     : Creating shared instance of singleton bean 'org.springframework.boot.autoconfigure.jdbc.DataSourceAutoConfiguration$PooledDataSourceConfiguration'
2024-09-19T11:23:33.385-05:00 DEBUG 32836 --- [uberApp] [           main] o.s.b.f.s.DefaultListableBeanFactory     : Autowiring by type from bean name 'jdbcConnectionDetails' via factory method to bean named 'spring.datasource-org.springframework.boot.autoconfigure.jdbc.DataSourceProperties'
2024-09-19T11:23:33.386-05:00 DEBUG 32836 --- [uberApp] [           main] o.s.b.f.s.DefaultListableBeanFactory     : Autowiring by type from bean name 'dataSource' via factory method to bean named 'spring.datasource-org.springframework.boot.autoconfigure.jdbc.DataSourceProperties'
2024-09-19T11:23:33.387-05:00 DEBUG 32836 --- [uberApp] [           main] o.s.b.f.s.DefaultListableBeanFactory     : Autowiring by type from bean name 'dataSource' via factory method to bean named 'jdbcConnectionDetails'
2024-09-19T11:23:33.413-05:00 DEBUG 32836 --- [uberApp] [           main] o.s.b.f.s.DefaultListableBeanFactory     : Creating shared instance of singleton bean 'spring.jpa-org.springframework.boot.autoconfigure.orm.jpa.JpaProperties'
2024-09-19T11:23:33.418-05:00 DEBUG 32836 --- [uberApp] [           main] o.s.b.f.s.DefaultListableBeanFactory     : Creating shared instance of singleton bean 'spring.jpa.hibernate-org.springframework.boot.autoconfigure.orm.jpa.HibernateProperties'
2024-09-19T11:23:33.419-05:00 DEBUG 32836 --- [uberApp] [           main] o.s.b.f.s.DefaultListableBeanFactory     : Autowiring by type from bean name 'org.springframework.boot.autoconfigure.orm.jpa.HibernateJpaConfiguration' via constructor to bean named 'dataSource'
2024-09-19T11:23:33.419-05:00 DEBUG 32836 --- [uberApp] [           main] o.s.b.f.s.DefaultListableBeanFactory     : Autowiring by type from bean name 'org.springframework.boot.autoconfigure.orm.jpa.HibernateJpaConfiguration' via constructor to bean named 'spring.jpa-org.springframework.boot.autoconfigure.orm.jpa.JpaProperties'
2024-09-19T11:23:33.420-05:00 DEBUG 32836 --- [uberApp] [           main] o.s.b.f.s.DefaultListableBeanFactory     : Autowiring by type from bean name 'org.springframework.boot.autoconfigure.orm.jpa.HibernateJpaConfiguration' via constructor to bean named 'org.springframework.beans.factory.support.DefaultListableBeanFactory@56f2bbea'
2024-09-19T11:23:33.420-05:00 DEBUG 32836 --- [uberApp] [           main] o.s.b.f.s.DefaultListableBeanFactory     : Autowiring by type from bean name 'org.springframework.boot.autoconfigure.orm.jpa.HibernateJpaConfiguration' via constructor to bean named 'spring.jpa.hibernate-org.springframework.boot.autoconfigure.orm.jpa.HibernateProperties'
2024-09-19T11:23:33.423-05:00 DEBUG 32836 --- [uberApp] [           main] o.s.b.f.s.DefaultListableBeanFactory     : Creating shared instance of singleton bean 'hikariPoolDataSourceMetadataProvider'
2024-09-19T11:23:33.423-05:00 DEBUG 32836 --- [uberApp] [           main] o.s.b.f.s.DefaultListableBeanFactory     : Creating shared instance of singleton bean 'org.springframework.boot.autoconfigure.jdbc.metadata.DataSourcePoolMetadataProvidersConfiguration$HikariPoolDataSourceMetadataProviderConfiguration'
2024-09-19T11:23:33.431-05:00 DEBUG 32836 --- [uberApp] [           main] o.s.b.f.s.DefaultListableBeanFactory     : Creating shared instance of singleton bean 'entityManagerFactoryBuilder'
2024-09-19T11:23:33.432-05:00 DEBUG 32836 --- [uberApp] [           main] o.s.b.f.s.DefaultListableBeanFactory     : Creating shared instance of singleton bean 'jpaVendorAdapter'
2024-09-19T11:23:33.461-05:00 DEBUG 32836 --- [uberApp] [           main] o.s.b.f.s.DefaultListableBeanFactory     : Autowiring by type from bean name 'entityManagerFactoryBuilder' via factory method to bean named 'jpaVendorAdapter'
2024-09-19T11:23:33.468-05:00 DEBUG 32836 --- [uberApp] [           main] o.s.b.f.s.DefaultListableBeanFactory     : Creating shared instance of singleton bean 'persistenceManagedTypes'
2024-09-19T11:23:33.468-05:00 DEBUG 32836 --- [uberApp] [           main] o.s.b.f.s.DefaultListableBeanFactory     : Autowiring by type from bean name 'persistenceManagedTypes' via factory method to bean named 'org.springframework.beans.factory.support.DefaultListableBeanFactory@56f2bbea'
2024-09-19T11:23:33.469-05:00 DEBUG 32836 --- [uberApp] [           main] o.s.b.f.s.DefaultListableBeanFactory     : Autowiring by type from bean name 'persistenceManagedTypes' via factory method to bean named 'org.springframework.web.context.support.GenericWebApplicationContext@4d9d1b69'
2024-09-19T11:23:33.482-05:00 DEBUG 32836 --- [uberApp] [           main] o.s.b.f.s.DefaultListableBeanFactory     : Autowiring by type from bean name 'entityManagerFactory' via factory method to bean named 'entityManagerFactoryBuilder'
2024-09-19T11:23:33.483-05:00 DEBUG 32836 --- [uberApp] [           main] o.s.b.f.s.DefaultListableBeanFactory     : Autowiring by type from bean name 'entityManagerFactory' via factory method to bean named 'persistenceManagedTypes'
2024-09-19T11:23:33.519-05:00 DEBUG 32836 --- [uberApp] [           main] j.LocalContainerEntityManagerFactoryBean : Building JPA container EntityManagerFactory for persistence unit 'default'
2024-09-19T11:23:33.577-05:00  INFO 32836 --- [uberApp] [           main] o.hibernate.jpa.internal.util.LogHelper  : HHH000204: Processing PersistenceUnitInfo [name: default]
2024-09-19T11:23:33.637-05:00  INFO 32836 --- [uberApp] [           main] org.hibernate.Version                    : HHH000412: Hibernate ORM core version 6.5.3.Final
2024-09-19T11:23:33.648-05:00  INFO 32836 --- [uberApp] [           main] o.h.spatial.integration.SpatialService   : HHH80000001: hibernate-spatial integration enabled : true
2024-09-19T11:23:33.665-05:00  INFO 32836 --- [uberApp] [           main] o.h.c.internal.RegionFactoryInitiator    : HHH000026: Second-level cache disabled
2024-09-19T11:23:33.773-05:00  INFO 32836 --- [uberApp] [           main] com.zaxxer.hikari.HikariDataSource       : HikariPool-1 - Starting...
2024-09-19T11:23:34.067-05:00  INFO 32836 --- [uberApp] [           main] com.zaxxer.hikari.pool.HikariPool        : HikariPool-1 - Added connection org.postgresql.jdbc.PgConnection@6cc48a17
2024-09-19T11:23:34.069-05:00  INFO 32836 --- [uberApp] [           main] com.zaxxer.hikari.HikariDataSource       : HikariPool-1 - Start completed.
2024-09-19T11:23:34.149-05:00  INFO 32836 --- [uberApp] [           main] org.hibernate.spatial                    : HHH80000003: hibernate-spatial adding type contributions from : org.hibernate.spatial.dialect.postgis.PostgisDialectContributor
2024-09-19T11:23:34.500-05:00  INFO 32836 --- [uberApp] [           main] o.s.o.j.p.SpringPersistenceUnitInfo      : No LoadTimeWeaver setup: ignoring JPA class transformer
2024-09-19T11:23:34.524-05:00  INFO 32836 --- [uberApp] [           main] org.hibernate.spatial                    : HHH80000003: hibernate-spatial adding type contributions from : org.hibernate.spatial.dialect.postgis.PostgisDialectContributor
2024-09-19T11:23:34.837-05:00  INFO 32836 --- [uberApp] [           main] org.hibernate.spatial                    : HHH80000004: hibernate-spatial adding function contributions from : org.hibernate.spatial.dialect.postgis.PostgisDialectContributor
2024-09-19T11:23:35.344-05:00  INFO 32836 --- [uberApp] [           main] o.h.e.t.j.p.i.JtaPlatformInitiator       : HHH000489: No JTA platform available (set 'hibernate.transaction.jta.platform' to enable JTA platform integration)
2024-09-19T11:23:35.353-05:00 DEBUG 32836 --- [uberApp] [           main] org.hibernate.SQL                        : 
    alter table if exists driver 
       drop constraint if exists FK29a5l15muu6jqd77k1vp91fhw
Hibernate: 
    alter table if exists driver 
       drop constraint if exists FK29a5l15muu6jqd77k1vp91fhw
2024-09-19T11:23:35.356-05:00  WARN 32836 --- [uberApp] [           main] o.h.engine.jdbc.spi.SqlExceptionHelper   : SQL Warning Code: 0, SQLState: 00000
2024-09-19T11:23:35.356-05:00  WARN 32836 --- [uberApp] [           main] o.h.engine.jdbc.spi.SqlExceptionHelper   : relation "driver" does not exist, skipping
2024-09-19T11:23:35.356-05:00 DEBUG 32836 --- [uberApp] [           main] org.hibernate.SQL                        : 
    alter table if exists payment 
       drop constraint if exists FKtlyjkef4sm6h6g777mxgoh81v
Hibernate: 
    alter table if exists payment 
       drop constraint if exists FKtlyjkef4sm6h6g777mxgoh81v
2024-09-19T11:23:35.357-05:00  WARN 32836 --- [uberApp] [           main] o.h.engine.jdbc.spi.SqlExceptionHelper   : SQL Warning Code: 0, SQLState: 00000
2024-09-19T11:23:35.357-05:00  WARN 32836 --- [uberApp] [           main] o.h.engine.jdbc.spi.SqlExceptionHelper   : relation "payment" does not exist, skipping
2024-09-19T11:23:35.357-05:00 DEBUG 32836 --- [uberApp] [           main] org.hibernate.SQL                        : 
    alter table if exists ride 
       drop constraint if exists FKo12dq19jo25foqggvedgvaa0p
Hibernate: 
    alter table if exists ride 
       drop constraint if exists FKo12dq19jo25foqggvedgvaa0p
2024-09-19T11:23:35.357-05:00  WARN 32836 --- [uberApp] [           main] o.h.engine.jdbc.spi.SqlExceptionHelper   : SQL Warning Code: 0, SQLState: 00000
2024-09-19T11:23:35.357-05:00  WARN 32836 --- [uberApp] [           main] o.h.engine.jdbc.spi.SqlExceptionHelper   : relation "ride" does not exist, skipping
2024-09-19T11:23:35.358-05:00 DEBUG 32836 --- [uberApp] [           main] org.hibernate.SQL                        : 
    alter table if exists ride 
       drop constraint if exists FKojie7hvuyn0t49px5hsxt5cr8
Hibernate: 
    alter table if exists ride 
       drop constraint if exists FKojie7hvuyn0t49px5hsxt5cr8
2024-09-19T11:23:35.358-05:00  WARN 32836 --- [uberApp] [           main] o.h.engine.jdbc.spi.SqlExceptionHelper   : SQL Warning Code: 0, SQLState: 00000
2024-09-19T11:23:35.358-05:00  WARN 32836 --- [uberApp] [           main] o.h.engine.jdbc.spi.SqlExceptionHelper   : relation "ride" does not exist, skipping
2024-09-19T11:23:35.358-05:00 DEBUG 32836 --- [uberApp] [           main] org.hibernate.SQL                        : 
    alter table if exists rider 
       drop constraint if exists FKpciwlqisj1l3dbqsv52bg76kd
Hibernate: 
    alter table if exists rider 
       drop constraint if exists FKpciwlqisj1l3dbqsv52bg76kd
2024-09-19T11:23:35.358-05:00  WARN 32836 --- [uberApp] [           main] o.h.engine.jdbc.spi.SqlExceptionHelper   : SQL Warning Code: 0, SQLState: 00000
2024-09-19T11:23:35.359-05:00  WARN 32836 --- [uberApp] [           main] o.h.engine.jdbc.spi.SqlExceptionHelper   : relation "rider" does not exist, skipping
2024-09-19T11:23:35.359-05:00 DEBUG 32836 --- [uberApp] [           main] org.hibernate.SQL                        : 
    alter table if exists ride_request 
       drop constraint if exists FKcduxgbjabdg5yolikiws9vn7p
Hibernate: 
    alter table if exists ride_request 
       drop constraint if exists FKcduxgbjabdg5yolikiws9vn7p
2024-09-19T11:23:35.359-05:00  WARN 32836 --- [uberApp] [           main] o.h.engine.jdbc.spi.SqlExceptionHelper   : SQL Warning Code: 0, SQLState: 00000
2024-09-19T11:23:35.359-05:00  WARN 32836 --- [uberApp] [           main] o.h.engine.jdbc.spi.SqlExceptionHelper   : relation "ride_request" does not exist, skipping
2024-09-19T11:23:35.359-05:00 DEBUG 32836 --- [uberApp] [           main] org.hibernate.SQL                        : 
    alter table if exists user_roles 
       drop constraint if exists FK6fql8djp64yp4q9b3qeyhr82b
Hibernate: 
    alter table if exists user_roles 
       drop constraint if exists FK6fql8djp64yp4q9b3qeyhr82b
2024-09-19T11:23:35.360-05:00  WARN 32836 --- [uberApp] [           main] o.h.engine.jdbc.spi.SqlExceptionHelper   : SQL Warning Code: 0, SQLState: 00000
2024-09-19T11:23:35.360-05:00  WARN 32836 --- [uberApp] [           main] o.h.engine.jdbc.spi.SqlExceptionHelper   : relation "user_roles" does not exist, skipping
2024-09-19T11:23:35.360-05:00 DEBUG 32836 --- [uberApp] [           main] org.hibernate.SQL                        : 
    alter table if exists wallet 
       drop constraint if exists FK8xcge928o78vtbh64bddusygy
Hibernate: 
    alter table if exists wallet 
       drop constraint if exists FK8xcge928o78vtbh64bddusygy
2024-09-19T11:23:35.360-05:00  WARN 32836 --- [uberApp] [           main] o.h.engine.jdbc.spi.SqlExceptionHelper   : SQL Warning Code: 0, SQLState: 00000
2024-09-19T11:23:35.361-05:00  WARN 32836 --- [uberApp] [           main] o.h.engine.jdbc.spi.SqlExceptionHelper   : relation "wallet" does not exist, skipping
2024-09-19T11:23:35.361-05:00 DEBUG 32836 --- [uberApp] [           main] org.hibernate.SQL                        : 
    alter table if exists wallet_transaction 
       drop constraint if exists FK4ayshp0r354bi0ulfxpmdfdvm
Hibernate: 
    alter table if exists wallet_transaction 
       drop constraint if exists FK4ayshp0r354bi0ulfxpmdfdvm
2024-09-19T11:23:35.361-05:00  WARN 32836 --- [uberApp] [           main] o.h.engine.jdbc.spi.SqlExceptionHelper   : SQL Warning Code: 0, SQLState: 00000
2024-09-19T11:23:35.361-05:00  WARN 32836 --- [uberApp] [           main] o.h.engine.jdbc.spi.SqlExceptionHelper   : relation "wallet_transaction" does not exist, skipping
2024-09-19T11:23:35.361-05:00 DEBUG 32836 --- [uberApp] [           main] org.hibernate.SQL                        : 
    alter table if exists wallet_transaction 
       drop constraint if exists FK6cnvafp3a0xhbs0eh9w26sett
Hibernate: 
    alter table if exists wallet_transaction 
       drop constraint if exists FK6cnvafp3a0xhbs0eh9w26sett
2024-09-19T11:23:35.361-05:00  WARN 32836 --- [uberApp] [           main] o.h.engine.jdbc.spi.SqlExceptionHelper   : SQL Warning Code: 0, SQLState: 00000
2024-09-19T11:23:35.361-05:00  WARN 32836 --- [uberApp] [           main] o.h.engine.jdbc.spi.SqlExceptionHelper   : relation "wallet_transaction" does not exist, skipping
2024-09-19T11:23:35.362-05:00 DEBUG 32836 --- [uberApp] [           main] org.hibernate.SQL                        : 
    drop table if exists app_user cascade
Hibernate: 
    drop table if exists app_user cascade
2024-09-19T11:23:35.362-05:00  WARN 32836 --- [uberApp] [           main] o.h.engine.jdbc.spi.SqlExceptionHelper   : SQL Warning Code: 0, SQLState: 00000
2024-09-19T11:23:35.362-05:00  WARN 32836 --- [uberApp] [           main] o.h.engine.jdbc.spi.SqlExceptionHelper   : table "app_user" does not exist, skipping
2024-09-19T11:23:35.362-05:00 DEBUG 32836 --- [uberApp] [           main] org.hibernate.SQL                        : 
    drop table if exists driver cascade
Hibernate: 
    drop table if exists driver cascade
2024-09-19T11:23:35.362-05:00  WARN 32836 --- [uberApp] [           main] o.h.engine.jdbc.spi.SqlExceptionHelper   : SQL Warning Code: 0, SQLState: 00000
2024-09-19T11:23:35.362-05:00  WARN 32836 --- [uberApp] [           main] o.h.engine.jdbc.spi.SqlExceptionHelper   : table "driver" does not exist, skipping
2024-09-19T11:23:35.362-05:00 DEBUG 32836 --- [uberApp] [           main] org.hibernate.SQL                        : 
    drop table if exists payment cascade
Hibernate: 
    drop table if exists payment cascade
2024-09-19T11:23:35.362-05:00  WARN 32836 --- [uberApp] [           main] o.h.engine.jdbc.spi.SqlExceptionHelper   : SQL Warning Code: 0, SQLState: 00000
2024-09-19T11:23:35.362-05:00  WARN 32836 --- [uberApp] [           main] o.h.engine.jdbc.spi.SqlExceptionHelper   : table "payment" does not exist, skipping
2024-09-19T11:23:35.363-05:00 DEBUG 32836 --- [uberApp] [           main] org.hibernate.SQL                        : 
    drop table if exists ride cascade
Hibernate: 
    drop table if exists ride cascade
2024-09-19T11:23:35.363-05:00  WARN 32836 --- [uberApp] [           main] o.h.engine.jdbc.spi.SqlExceptionHelper   : SQL Warning Code: 0, SQLState: 00000
2024-09-19T11:23:35.363-05:00  WARN 32836 --- [uberApp] [           main] o.h.engine.jdbc.spi.SqlExceptionHelper   : table "ride" does not exist, skipping
2024-09-19T11:23:35.363-05:00 DEBUG 32836 --- [uberApp] [           main] org.hibernate.SQL                        : 
    drop table if exists rider cascade
Hibernate: 
    drop table if exists rider cascade
2024-09-19T11:23:35.363-05:00  WARN 32836 --- [uberApp] [           main] o.h.engine.jdbc.spi.SqlExceptionHelper   : SQL Warning Code: 0, SQLState: 00000
2024-09-19T11:23:35.363-05:00  WARN 32836 --- [uberApp] [           main] o.h.engine.jdbc.spi.SqlExceptionHelper   : table "rider" does not exist, skipping
2024-09-19T11:23:35.363-05:00 DEBUG 32836 --- [uberApp] [           main] org.hibernate.SQL                        : 
    drop table if exists ride_request cascade
Hibernate: 
    drop table if exists ride_request cascade
2024-09-19T11:23:35.363-05:00  WARN 32836 --- [uberApp] [           main] o.h.engine.jdbc.spi.SqlExceptionHelper   : SQL Warning Code: 0, SQLState: 00000
2024-09-19T11:23:35.363-05:00  WARN 32836 --- [uberApp] [           main] o.h.engine.jdbc.spi.SqlExceptionHelper   : table "ride_request" does not exist, skipping
2024-09-19T11:23:35.363-05:00 DEBUG 32836 --- [uberApp] [           main] org.hibernate.SQL                        : 
    drop table if exists user_roles cascade
Hibernate: 
    drop table if exists user_roles cascade
2024-09-19T11:23:35.364-05:00  WARN 32836 --- [uberApp] [           main] o.h.engine.jdbc.spi.SqlExceptionHelper   : SQL Warning Code: 0, SQLState: 00000
2024-09-19T11:23:35.364-05:00  WARN 32836 --- [uberApp] [           main] o.h.engine.jdbc.spi.SqlExceptionHelper   : table "user_roles" does not exist, skipping
2024-09-19T11:23:35.364-05:00 DEBUG 32836 --- [uberApp] [           main] org.hibernate.SQL                        : 
    drop table if exists wallet cascade
Hibernate: 
    drop table if exists wallet cascade
2024-09-19T11:23:35.364-05:00  WARN 32836 --- [uberApp] [           main] o.h.engine.jdbc.spi.SqlExceptionHelper   : SQL Warning Code: 0, SQLState: 00000
2024-09-19T11:23:35.364-05:00  WARN 32836 --- [uberApp] [           main] o.h.engine.jdbc.spi.SqlExceptionHelper   : table "wallet" does not exist, skipping
2024-09-19T11:23:35.364-05:00 DEBUG 32836 --- [uberApp] [           main] org.hibernate.SQL                        : 
    drop table if exists wallet_transaction cascade
Hibernate: 
    drop table if exists wallet_transaction cascade
2024-09-19T11:23:35.364-05:00  WARN 32836 --- [uberApp] [           main] o.h.engine.jdbc.spi.SqlExceptionHelper   : SQL Warning Code: 0, SQLState: 00000
2024-09-19T11:23:35.365-05:00  WARN 32836 --- [uberApp] [           main] o.h.engine.jdbc.spi.SqlExceptionHelper   : table "wallet_transaction" does not exist, skipping
2024-09-19T11:23:35.368-05:00 DEBUG 32836 --- [uberApp] [           main] org.hibernate.SQL                        : 
    create table app_user (
        id bigint generated by default as identity,
        email varchar(255) unique,
        name varchar(255),
        password varchar(255),
        primary key (id)
    )
Hibernate: 
    create table app_user (
        id bigint generated by default as identity,
        email varchar(255) unique,
        name varchar(255),
        password varchar(255),
        primary key (id)
    )
2024-09-19T11:23:35.377-05:00 DEBUG 32836 --- [uberApp] [           main] org.hibernate.SQL                        : 
    create table driver (
        available boolean,
        rating float(53),
        id bigint generated by default as identity,
        user_id bigint unique,
        vehicle_id varchar(255),
        current_location Geometry(Point, 4326),
        primary key (id)
    )
Hibernate: 
    create table driver (
        available boolean,
        rating float(53),
        id bigint generated by default as identity,
        user_id bigint unique,
        vehicle_id varchar(255),
        current_location Geometry(Point, 4326),
        primary key (id)
    )
2024-09-19T11:23:35.391-05:00 DEBUG 32836 --- [uberApp] [           main] org.hibernate.SQL                        : 
    create table payment (
        amount float(53),
        id bigint generated by default as identity,
        payment_time timestamp(6),
        ride_id bigint unique,
        payment_method varchar(255) check (payment_method in ('CASH','WALLET')),
        payment_status varchar(255) check (payment_status in ('PENDING','CONFIRMED','REFUNDED')),
        primary key (id)
    )
Hibernate: 
    create table payment (
        amount float(53),
        id bigint generated by default as identity,
        payment_time timestamp(6),
        ride_id bigint unique,
        payment_method varchar(255) check (payment_method in ('CASH','WALLET')),
        payment_status varchar(255) check (payment_status in ('PENDING','CONFIRMED','REFUNDED')),
        primary key (id)
    )
2024-09-19T11:23:35.398-05:00 DEBUG 32836 --- [uberApp] [           main] org.hibernate.SQL                        : 
    create table ride (
        fare float(53),
        created_time timestamp(6),
        driver_id bigint,
        ended_at timestamp(6),
        id bigint generated by default as identity,
        rider_id bigint,
        started_at timestamp(6),
        otp varchar(255),
        payment_method varchar(255) check (payment_method in ('CASH','WALLET')),
        ride_status varchar(255) check (ride_status in ('CANCELLED','CONFIRMED','ENDED','ONGOING')),
        drop_off_location Geometry(Point, 4326),
        pickup_location Geometry(Point, 4326),
        primary key (id)
    )
Hibernate: 
    create table ride (
        fare float(53),
        created_time timestamp(6),
        driver_id bigint,
        ended_at timestamp(6),
        id bigint generated by default as identity,
        rider_id bigint,
        started_at timestamp(6),
        otp varchar(255),
        payment_method varchar(255) check (payment_method in ('CASH','WALLET')),
        ride_status varchar(255) check (ride_status in ('CANCELLED','CONFIRMED','ENDED','ONGOING')),
        drop_off_location Geometry(Point, 4326),
        pickup_location Geometry(Point, 4326),
        primary key (id)
    )
2024-09-19T11:23:35.404-05:00 DEBUG 32836 --- [uberApp] [           main] org.hibernate.SQL                        : 
    create table rider (
        rating float(53),
        id bigint generated by default as identity,
        user_id bigint unique,
        primary key (id)
    )
Hibernate: 
    create table rider (
        rating float(53),
        id bigint generated by default as identity,
        user_id bigint unique,
        primary key (id)
    )
2024-09-19T11:23:35.408-05:00 DEBUG 32836 --- [uberApp] [           main] org.hibernate.SQL                        : 
    create table ride_request (
        fare float(53),
        id bigint generated by default as identity,
        requested_time timestamp(6),
        rider_id bigint,
        payment_method varchar(255) check (payment_method in ('CASH','WALLET')),
        ride_request_status varchar(255) check (ride_request_status in ('PENDING','CANCELLED','CONFIRMED')),
        drop_off_location Geometry(Point, 4326),
        pickup_location Geometry(Point, 4326),
        primary key (id)
    )
Hibernate: 
    create table ride_request (
        fare float(53),
        id bigint generated by default as identity,
        requested_time timestamp(6),
        rider_id bigint,
        payment_method varchar(255) check (payment_method in ('CASH','WALLET')),
        ride_request_status varchar(255) check (ride_request_status in ('PENDING','CANCELLED','CONFIRMED')),
        drop_off_location Geometry(Point, 4326),
        pickup_location Geometry(Point, 4326),
        primary key (id)
    )
2024-09-19T11:23:35.413-05:00 DEBUG 32836 --- [uberApp] [           main] org.hibernate.SQL                        : 
    create table user_roles (
        user_id bigint not null,
        roles varchar(255) check (roles in ('ADMIN','DRIVER','RIDER'))
    )
Hibernate: 
    create table user_roles (
        user_id bigint not null,
        roles varchar(255) check (roles in ('ADMIN','DRIVER','RIDER'))
    )
2024-09-19T11:23:35.414-05:00 DEBUG 32836 --- [uberApp] [           main] org.hibernate.SQL                        : 
    create table wallet (
        balance float(53),
        id bigint generated by default as identity,
        user_id bigint unique,
        primary key (id)
    )
Hibernate: 
    create table wallet (
        balance float(53),
        id bigint generated by default as identity,
        user_id bigint unique,
        primary key (id)
    )
2024-09-19T11:23:35.418-05:00 DEBUG 32836 --- [uberApp] [           main] org.hibernate.SQL                        : 
    create table wallet_transaction (
        amount float(53),
        transaction_method smallint check (transaction_method between 0 and 1),
        transaction_type smallint check (transaction_type between 0 and 1),
        id bigint generated by default as identity,
        ride_id bigint unique,
        time_stamp timestamp(6),
        wallet_id bigint,
        transaction_id varchar(255),
        primary key (id)
    )
Hibernate: 
    create table wallet_transaction (
        amount float(53),
        transaction_method smallint check (transaction_method between 0 and 1),
        transaction_type smallint check (transaction_type between 0 and 1),
        id bigint generated by default as identity,
        ride_id bigint unique,
        time_stamp timestamp(6),
        wallet_id bigint,
        transaction_id varchar(255),
        primary key (id)
    )
2024-09-19T11:23:35.422-05:00 DEBUG 32836 --- [uberApp] [           main] org.hibernate.SQL                        : 
    alter table if exists driver 
       add constraint FK29a5l15muu6jqd77k1vp91fhw 
       foreign key (user_id) 
       references app_user
Hibernate: 
    alter table if exists driver 
       add constraint FK29a5l15muu6jqd77k1vp91fhw 
       foreign key (user_id) 
       references app_user
2024-09-19T11:23:35.425-05:00 DEBUG 32836 --- [uberApp] [           main] org.hibernate.SQL                        : 
    alter table if exists payment 
       add constraint FKtlyjkef4sm6h6g777mxgoh81v 
       foreign key (ride_id) 
       references ride
Hibernate: 
    alter table if exists payment 
       add constraint FKtlyjkef4sm6h6g777mxgoh81v 
       foreign key (ride_id) 
       references ride
2024-09-19T11:23:35.428-05:00 DEBUG 32836 --- [uberApp] [           main] org.hibernate.SQL                        : 
    alter table if exists ride 
       add constraint FKo12dq19jo25foqggvedgvaa0p 
       foreign key (driver_id) 
       references driver
Hibernate: 
    alter table if exists ride 
       add constraint FKo12dq19jo25foqggvedgvaa0p 
       foreign key (driver_id) 
       references driver
2024-09-19T11:23:35.429-05:00 DEBUG 32836 --- [uberApp] [           main] org.hibernate.SQL                        : 
    alter table if exists ride 
       add constraint FKojie7hvuyn0t49px5hsxt5cr8 
       foreign key (rider_id) 
       references rider
Hibernate: 
    alter table if exists ride 
       add constraint FKojie7hvuyn0t49px5hsxt5cr8 
       foreign key (rider_id) 
       references rider
2024-09-19T11:23:35.431-05:00 DEBUG 32836 --- [uberApp] [           main] org.hibernate.SQL                        : 
    alter table if exists rider 
       add constraint FKpciwlqisj1l3dbqsv52bg76kd 
       foreign key (user_id) 
       references app_user
Hibernate: 
    alter table if exists rider 
       add constraint FKpciwlqisj1l3dbqsv52bg76kd 
       foreign key (user_id) 
       references app_user
2024-09-19T11:23:35.432-05:00 DEBUG 32836 --- [uberApp] [           main] org.hibernate.SQL                        : 
    alter table if exists ride_request 
       add constraint FKcduxgbjabdg5yolikiws9vn7p 
       foreign key (rider_id) 
       references rider
Hibernate: 
    alter table if exists ride_request 
       add constraint FKcduxgbjabdg5yolikiws9vn7p 
       foreign key (rider_id) 
       references rider
2024-09-19T11:23:35.434-05:00 DEBUG 32836 --- [uberApp] [           main] org.hibernate.SQL                        : 
    alter table if exists user_roles 
       add constraint FK6fql8djp64yp4q9b3qeyhr82b 
       foreign key (user_id) 
       references app_user
Hibernate: 
    alter table if exists user_roles 
       add constraint FK6fql8djp64yp4q9b3qeyhr82b 
       foreign key (user_id) 
       references app_user
2024-09-19T11:23:35.434-05:00 DEBUG 32836 --- [uberApp] [           main] org.hibernate.SQL                        : 
    alter table if exists wallet 
       add constraint FK8xcge928o78vtbh64bddusygy 
       foreign key (user_id) 
       references app_user
Hibernate: 
    alter table if exists wallet 
       add constraint FK8xcge928o78vtbh64bddusygy 
       foreign key (user_id) 
       references app_user
2024-09-19T11:23:35.436-05:00 DEBUG 32836 --- [uberApp] [           main] org.hibernate.SQL                        : 
    alter table if exists wallet_transaction 
       add constraint FK4ayshp0r354bi0ulfxpmdfdvm 
       foreign key (ride_id) 
       references ride
Hibernate: 
    alter table if exists wallet_transaction 
       add constraint FK4ayshp0r354bi0ulfxpmdfdvm 
       foreign key (ride_id) 
       references ride
2024-09-19T11:23:35.437-05:00 DEBUG 32836 --- [uberApp] [           main] org.hibernate.SQL                        : 
    alter table if exists wallet_transaction 
       add constraint FK6cnvafp3a0xhbs0eh9w26sett 
       foreign key (wallet_id) 
       references wallet
Hibernate: 
    alter table if exists wallet_transaction 
       add constraint FK6cnvafp3a0xhbs0eh9w26sett 
       foreign key (wallet_id) 
       references wallet
2024-09-19T11:23:35.440-05:00  INFO 32836 --- [uberApp] [           main] j.LocalContainerEntityManagerFactoryBean : Initialized JPA EntityManagerFactory for persistence unit 'default'
2024-09-19T11:23:35.443-05:00 DEBUG 32836 --- [uberApp] [           main] o.s.b.f.s.DefaultListableBeanFactory     : Creating shared instance of singleton bean 'uberAppApplication'
2024-09-19T11:23:35.446-05:00 DEBUG 32836 --- [uberApp] [           main] o.s.b.f.s.DefaultListableBeanFactory     : Creating shared instance of singleton bean 'globalExceptionHandler'
2024-09-19T11:23:35.450-05:00 DEBUG 32836 --- [uberApp] [           main] o.s.b.f.s.DefaultListableBeanFactory     : Creating shared instance of singleton bean 'globalResponseHandler'
2024-09-19T11:23:35.453-05:00 DEBUG 32836 --- [uberApp] [           main] o.s.b.f.s.DefaultListableBeanFactory     : Creating shared instance of singleton bean 'mapperConfig'
2024-09-19T11:23:35.454-05:00 DEBUG 32836 --- [uberApp] [           main] o.s.b.f.s.DefaultListableBeanFactory     : Creating shared instance of singleton bean 'authController'
2024-09-19T11:23:35.457-05:00 DEBUG 32836 --- [uberApp] [           main] o.s.b.f.s.DefaultListableBeanFactory     : Creating shared instance of singleton bean 'authServiceImpl'
2024-09-19T11:23:35.458-05:00 DEBUG 32836 --- [uberApp] [           main] o.s.b.f.s.DefaultListableBeanFactory     : Creating shared instance of singleton bean 'userRepository'
2024-09-19T11:23:35.462-05:00 DEBUG 32836 --- [uberApp] [           main] o.s.b.f.s.DefaultListableBeanFactory     : Creating shared instance of singleton bean 'jpa.named-queries#4'
2024-09-19T11:23:35.465-05:00 DEBUG 32836 --- [uberApp] [           main] o.s.b.f.s.DefaultListableBeanFactory     : Creating shared instance of singleton bean 'jpa.UserRepository.fragments#0'
2024-09-19T11:23:35.468-05:00 DEBUG 32836 --- [uberApp] [           main] o.s.b.f.s.DefaultListableBeanFactory     : Creating shared instance of singleton bean 'jpaSharedEM_entityManagerFactory'
2024-09-19T11:23:35.489-05:00 DEBUG 32836 --- [uberApp] [           main] o.s.b.f.s.DefaultListableBeanFactory     : Creating shared instance of singleton bean 'jpaMappingContext'
2024-09-19T11:23:35.490-05:00 DEBUG 32836 --- [uberApp] [           main] .c.JpaMetamodelMappingContextFactoryBean : Initializing JpaMetamodelMappingContext…
2024-09-19T11:23:35.507-05:00 DEBUG 32836 --- [uberApp] [           main] .c.JpaMetamodelMappingContextFactoryBean : Finished initializing JpaMetamodelMappingContext
2024-09-19T11:23:35.543-05:00 DEBUG 32836 --- [uberApp] [           main] tor$SharedEntityManagerInvocationHandler : Creating new EntityManager for shared EntityManager invocation
2024-09-19T11:23:35.583-05:00 DEBUG 32836 --- [uberApp] [           main] tor$SharedEntityManagerInvocationHandler : Creating new EntityManager for shared EntityManager invocation
2024-09-19T11:23:35.628-05:00 DEBUG 32836 --- [uberApp] [           main] o.s.d.r.c.s.RepositoryFactorySupport     : Initializing repository instance for com.venkat.project.uber.uberApp.repositories.UserRepository…
2024-09-19T11:23:35.638-05:00 DEBUG 32836 --- [uberApp] [           main] tor$SharedEntityManagerInvocationHandler : Creating new EntityManager for shared EntityManager invocation
2024-09-19T11:23:35.711-05:00 DEBUG 32836 --- [uberApp] [           main] o.s.d.jpa.repository.query.NamedQuery    : Looking up named query User.findByEmail
2024-09-19T11:23:35.714-05:00 DEBUG 32836 --- [uberApp] [           main] o.s.d.jpa.repository.query.NamedQuery    : Did not find named query User.findByEmail
2024-09-19T11:23:35.716-05:00 DEBUG 32836 --- [uberApp] [           main] tor$SharedEntityManagerInvocationHandler : Creating new EntityManager for shared EntityManager invocation
2024-09-19T11:23:35.767-05:00 DEBUG 32836 --- [uberApp] [           main] o.s.d.r.c.s.RepositoryFactorySupport     : Finished creation of repository instance for com.venkat.project.uber.uberApp.repositories.UserRepository.
2024-09-19T11:23:35.771-05:00 DEBUG 32836 --- [uberApp] [           main] o.s.b.f.s.DefaultListableBeanFactory     : Creating shared instance of singleton bean 'modelMapper'
2024-09-19T11:23:35.838-05:00 DEBUG 32836 --- [uberApp] [           main] o.s.b.f.s.DefaultListableBeanFactory     : Creating shared instance of singleton bean 'riderServiceImpl'
2024-09-19T11:23:35.841-05:00 DEBUG 32836 --- [uberApp] [           main] o.s.b.f.s.DefaultListableBeanFactory     : Creating shared instance of singleton bean 'rideStrategyManager'
2024-09-19T11:23:35.842-05:00 DEBUG 32836 --- [uberApp] [           main] o.s.b.f.s.DefaultListableBeanFactory     : Creating shared instance of singleton bean 'driverMatchingHighestRatedDriverStrategy'
2024-09-19T11:23:35.842-05:00 DEBUG 32836 --- [uberApp] [           main] o.s.b.f.s.DefaultListableBeanFactory     : Creating shared instance of singleton bean 'driverRepository'
2024-09-19T11:23:35.843-05:00 DEBUG 32836 --- [uberApp] [           main] o.s.b.f.s.DefaultListableBeanFactory     : Creating shared instance of singleton bean 'jpa.named-queries#3'
2024-09-19T11:23:35.844-05:00 DEBUG 32836 --- [uberApp] [           main] o.s.b.f.s.DefaultListableBeanFactory     : Creating shared instance of singleton bean 'jpa.DriverRepository.fragments#0'
2024-09-19T11:23:35.844-05:00 DEBUG 32836 --- [uberApp] [           main] tor$SharedEntityManagerInvocationHandler : Creating new EntityManager for shared EntityManager invocation
2024-09-19T11:23:35.853-05:00 DEBUG 32836 --- [uberApp] [           main] o.s.d.r.c.s.RepositoryFactorySupport     : Initializing repository instance for com.venkat.project.uber.uberApp.repositories.DriverRepository…
2024-09-19T11:23:35.853-05:00 DEBUG 32836 --- [uberApp] [           main] tor$SharedEntityManagerInvocationHandler : Creating new EntityManager for shared EntityManager invocation
2024-09-19T11:23:35.877-05:00  INFO 32836 --- [uberApp] [           main] o.s.d.j.r.query.QueryEnhancerFactory     : Hibernate is in classpath; If applicable, HQL parser will be used.
2024-09-19T11:23:35.883-05:00 DEBUG 32836 --- [uberApp] [           main] o.s.d.jpa.repository.query.NamedQuery    : Did not find named query Driver.findTenNearestDrivers.count
2024-09-19T11:23:35.884-05:00 DEBUG 32836 --- [uberApp] [           main] tor$SharedEntityManagerInvocationHandler : Creating new EntityManager for shared EntityManager invocation
2024-09-19T11:23:35.889-05:00 DEBUG 32836 --- [uberApp] [           main] o.s.d.jpa.repository.query.NamedQuery    : Did not find named query Driver.findTenNearbyTopRatedDrivers.count
2024-09-19T11:23:35.889-05:00 DEBUG 32836 --- [uberApp] [           main] tor$SharedEntityManagerInvocationHandler : Creating new EntityManager for shared EntityManager invocation
2024-09-19T11:23:35.891-05:00 DEBUG 32836 --- [uberApp] [           main] o.s.d.r.c.s.RepositoryFactorySupport     : Finished creation of repository instance for com.venkat.project.uber.uberApp.repositories.DriverRepository.
2024-09-19T11:23:35.892-05:00 DEBUG 32836 --- [uberApp] [           main] o.s.b.f.s.DefaultListableBeanFactory     : Autowiring by type from bean name 'driverMatchingHighestRatedDriverStrategy' via constructor to bean named 'driverRepository'
2024-09-19T11:23:35.919-05:00 DEBUG 32836 --- [uberApp] [           main] o.s.b.f.s.DefaultListableBeanFactory     : Creating shared instance of singleton bean 'driverMatchingNearestDriverStrategy'
2024-09-19T11:23:35.920-05:00 DEBUG 32836 --- [uberApp] [           main] o.s.b.f.s.DefaultListableBeanFactory     : Autowiring by type from bean name 'driverMatchingNearestDriverStrategy' via constructor to bean named 'driverRepository'
2024-09-19T11:23:35.921-05:00 DEBUG 32836 --- [uberApp] [           main] o.s.b.f.s.DefaultListableBeanFactory     : Creating shared instance of singleton bean 'rideFareSurgePricingFareCalculationStrategy'
2024-09-19T11:23:35.921-05:00 DEBUG 32836 --- [uberApp] [           main] o.s.b.f.s.DefaultListableBeanFactory     : Creating shared instance of singleton bean 'distanceServiceOSRMImpl'
2024-09-19T11:23:35.921-05:00 DEBUG 32836 --- [uberApp] [           main] o.s.b.f.s.DefaultListableBeanFactory     : Autowiring by type from bean name 'rideFareSurgePricingFareCalculationStrategy' via constructor to bean named 'distanceServiceOSRMImpl'
2024-09-19T11:23:35.922-05:00 DEBUG 32836 --- [uberApp] [           main] o.s.b.f.s.DefaultListableBeanFactory     : Creating shared instance of singleton bean 'riderFareDefaultFareCalculationStrategy'
2024-09-19T11:23:35.922-05:00 DEBUG 32836 --- [uberApp] [           main] o.s.b.f.s.DefaultListableBeanFactory     : Autowiring by type from bean name 'riderFareDefaultFareCalculationStrategy' via constructor to bean named 'distanceServiceOSRMImpl'
2024-09-19T11:23:35.922-05:00 DEBUG 32836 --- [uberApp] [           main] o.s.b.f.s.DefaultListableBeanFactory     : Autowiring by type from bean name 'rideStrategyManager' via constructor to bean named 'driverMatchingHighestRatedDriverStrategy'
2024-09-19T11:23:35.922-05:00 DEBUG 32836 --- [uberApp] [           main] o.s.b.f.s.DefaultListableBeanFactory     : Autowiring by type from bean name 'rideStrategyManager' via constructor to bean named 'driverMatchingNearestDriverStrategy'
2024-09-19T11:23:35.922-05:00 DEBUG 32836 --- [uberApp] [           main] o.s.b.f.s.DefaultListableBeanFactory     : Autowiring by type from bean name 'rideStrategyManager' via constructor to bean named 'rideFareSurgePricingFareCalculationStrategy'
2024-09-19T11:23:35.922-05:00 DEBUG 32836 --- [uberApp] [           main] o.s.b.f.s.DefaultListableBeanFactory     : Autowiring by type from bean name 'rideStrategyManager' via constructor to bean named 'riderFareDefaultFareCalculationStrategy'
2024-09-19T11:23:35.923-05:00 DEBUG 32836 --- [uberApp] [           main] o.s.b.f.s.DefaultListableBeanFactory     : Creating shared instance of singleton bean 'rideRequestRepository'
2024-09-19T11:23:35.924-05:00 DEBUG 32836 --- [uberApp] [           main] o.s.b.f.s.DefaultListableBeanFactory     : Creating shared instance of singleton bean 'jpa.named-queries#2'
2024-09-19T11:23:35.924-05:00 DEBUG 32836 --- [uberApp] [           main] o.s.b.f.s.DefaultListableBeanFactory     : Creating shared instance of singleton bean 'jpa.RideRequestRepository.fragments#0'
2024-09-19T11:23:35.925-05:00 DEBUG 32836 --- [uberApp] [           main] tor$SharedEntityManagerInvocationHandler : Creating new EntityManager for shared EntityManager invocation
2024-09-19T11:23:35.930-05:00 DEBUG 32836 --- [uberApp] [           main] o.s.d.r.c.s.RepositoryFactorySupport     : Initializing repository instance for com.venkat.project.uber.uberApp.repositories.RideRequestRepository…
2024-09-19T11:23:35.930-05:00 DEBUG 32836 --- [uberApp] [           main] tor$SharedEntityManagerInvocationHandler : Creating new EntityManager for shared EntityManager invocation
2024-09-19T11:23:35.934-05:00 DEBUG 32836 --- [uberApp] [           main] o.s.d.r.c.s.RepositoryFactorySupport     : Finished creation of repository instance for com.venkat.project.uber.uberApp.repositories.RideRequestRepository.
2024-09-19T11:23:35.935-05:00 DEBUG 32836 --- [uberApp] [           main] o.s.b.f.s.DefaultListableBeanFactory     : Creating shared instance of singleton bean 'riderRepository'
2024-09-19T11:23:35.936-05:00 DEBUG 32836 --- [uberApp] [           main] o.s.b.f.s.DefaultListableBeanFactory     : Creating shared instance of singleton bean 'jpa.named-queries#0'
2024-09-19T11:23:35.936-05:00 DEBUG 32836 --- [uberApp] [           main] o.s.b.f.s.DefaultListableBeanFactory     : Creating shared instance of singleton bean 'jpa.RiderRepository.fragments#0'
2024-09-19T11:23:35.937-05:00 DEBUG 32836 --- [uberApp] [           main] tor$SharedEntityManagerInvocationHandler : Creating new EntityManager for shared EntityManager invocation
2024-09-19T11:23:35.937-05:00 DEBUG 32836 --- [uberApp] [           main] o.s.d.r.c.s.RepositoryFactorySupport     : Initializing repository instance for com.venkat.project.uber.uberApp.repositories.RiderRepository…
2024-09-19T11:23:35.938-05:00 DEBUG 32836 --- [uberApp] [           main] tor$SharedEntityManagerInvocationHandler : Creating new EntityManager for shared EntityManager invocation
2024-09-19T11:23:35.941-05:00 DEBUG 32836 --- [uberApp] [           main] o.s.d.r.c.s.RepositoryFactorySupport     : Finished creation of repository instance for com.venkat.project.uber.uberApp.repositories.RiderRepository.
2024-09-19T11:23:35.942-05:00 DEBUG 32836 --- [uberApp] [           main] o.s.b.f.s.DefaultListableBeanFactory     : Autowiring by type from bean name 'riderServiceImpl' via constructor to bean named 'modelMapper'
2024-09-19T11:23:35.942-05:00 DEBUG 32836 --- [uberApp] [           main] o.s.b.f.s.DefaultListableBeanFactory     : Autowiring by type from bean name 'riderServiceImpl' via constructor to bean named 'rideStrategyManager'
2024-09-19T11:23:35.942-05:00 DEBUG 32836 --- [uberApp] [           main] o.s.b.f.s.DefaultListableBeanFactory     : Autowiring by type from bean name 'riderServiceImpl' via constructor to bean named 'rideRequestRepository'
2024-09-19T11:23:35.942-05:00 DEBUG 32836 --- [uberApp] [           main] o.s.b.f.s.DefaultListableBeanFactory     : Autowiring by type from bean name 'riderServiceImpl' via constructor to bean named 'riderRepository'
2024-09-19T11:23:35.950-05:00 DEBUG 32836 --- [uberApp] [           main] o.s.b.f.s.DefaultListableBeanFactory     : Autowiring by type from bean name 'authServiceImpl' via constructor to bean named 'userRepository'
2024-09-19T11:23:35.950-05:00 DEBUG 32836 --- [uberApp] [           main] o.s.b.f.s.DefaultListableBeanFactory     : Autowiring by type from bean name 'authServiceImpl' via constructor to bean named 'modelMapper'
2024-09-19T11:23:35.950-05:00 DEBUG 32836 --- [uberApp] [           main] o.s.b.f.s.DefaultListableBeanFactory     : Autowiring by type from bean name 'authServiceImpl' via constructor to bean named 'riderServiceImpl'
2024-09-19T11:23:35.956-05:00 DEBUG 32836 --- [uberApp] [           main] o.s.b.f.s.DefaultListableBeanFactory     : Autowiring by type from bean name 'authController' via constructor to bean named 'authServiceImpl'
2024-09-19T11:23:35.956-05:00 DEBUG 32836 --- [uberApp] [           main] o.s.b.f.s.DefaultListableBeanFactory     : Creating shared instance of singleton bean 'driverController'
2024-09-19T11:23:35.958-05:00 DEBUG 32836 --- [uberApp] [           main] o.s.b.f.s.DefaultListableBeanFactory     : Creating shared instance of singleton bean 'driverServiceImpl'
2024-09-19T11:23:35.959-05:00 DEBUG 32836 --- [uberApp] [           main] o.s.b.f.s.DefaultListableBeanFactory     : Creating shared instance of singleton bean 'rideRequestServiceImpl'
2024-09-19T11:23:35.959-05:00 DEBUG 32836 --- [uberApp] [           main] o.s.b.f.s.DefaultListableBeanFactory     : Autowiring by type from bean name 'rideRequestServiceImpl' via constructor to bean named 'rideRequestRepository'
2024-09-19T11:23:35.960-05:00 DEBUG 32836 --- [uberApp] [           main] o.s.b.f.s.DefaultListableBeanFactory     : Creating shared instance of singleton bean 'rideServiceImpl'
2024-09-19T11:23:35.962-05:00 DEBUG 32836 --- [uberApp] [           main] o.s.b.f.s.DefaultListableBeanFactory     : Creating shared instance of singleton bean 'rideRepository'
2024-09-19T11:23:35.963-05:00 DEBUG 32836 --- [uberApp] [           main] o.s.b.f.s.DefaultListableBeanFactory     : Creating shared instance of singleton bean 'jpa.named-queries#1'
2024-09-19T11:23:35.964-05:00 DEBUG 32836 --- [uberApp] [           main] o.s.b.f.s.DefaultListableBeanFactory     : Creating shared instance of singleton bean 'jpa.RideRepository.fragments#0'
2024-09-19T11:23:35.965-05:00 DEBUG 32836 --- [uberApp] [           main] tor$SharedEntityManagerInvocationHandler : Creating new EntityManager for shared EntityManager invocation
2024-09-19T11:23:35.971-05:00 DEBUG 32836 --- [uberApp] [           main] o.s.d.r.c.s.RepositoryFactorySupport     : Initializing repository instance for com.venkat.project.uber.uberApp.repositories.RideRepository…
2024-09-19T11:23:35.971-05:00 DEBUG 32836 --- [uberApp] [           main] tor$SharedEntityManagerInvocationHandler : Creating new EntityManager for shared EntityManager invocation
2024-09-19T11:23:35.975-05:00 DEBUG 32836 --- [uberApp] [           main] o.s.d.r.c.s.RepositoryFactorySupport     : Finished creation of repository instance for com.venkat.project.uber.uberApp.repositories.RideRepository.
2024-09-19T11:23:35.975-05:00 DEBUG 32836 --- [uberApp] [           main] o.s.b.f.s.DefaultListableBeanFactory     : Autowiring by type from bean name 'rideServiceImpl' via constructor to bean named 'rideRepository'
2024-09-19T11:23:35.975-05:00 DEBUG 32836 --- [uberApp] [           main] o.s.b.f.s.DefaultListableBeanFactory     : Autowiring by type from bean name 'rideServiceImpl' via constructor to bean named 'rideRequestServiceImpl'
2024-09-19T11:23:35.975-05:00 DEBUG 32836 --- [uberApp] [           main] o.s.b.f.s.DefaultListableBeanFactory     : Autowiring by type from bean name 'rideServiceImpl' via constructor to bean named 'modelMapper'
2024-09-19T11:23:35.976-05:00 DEBUG 32836 --- [uberApp] [           main] o.s.b.f.s.DefaultListableBeanFactory     : Autowiring by type from bean name 'driverServiceImpl' via constructor to bean named 'rideRequestServiceImpl'
2024-09-19T11:23:35.977-05:00 DEBUG 32836 --- [uberApp] [           main] o.s.b.f.s.DefaultListableBeanFactory     : Autowiring by type from bean name 'driverServiceImpl' via constructor to bean named 'driverRepository'
2024-09-19T11:23:35.977-05:00 DEBUG 32836 --- [uberApp] [           main] o.s.b.f.s.DefaultListableBeanFactory     : Autowiring by type from bean name 'driverServiceImpl' via constructor to bean named 'rideServiceImpl'
2024-09-19T11:23:35.977-05:00 DEBUG 32836 --- [uberApp] [           main] o.s.b.f.s.DefaultListableBeanFactory     : Autowiring by type from bean name 'driverServiceImpl' via constructor to bean named 'modelMapper'
2024-09-19T11:23:35.984-05:00 DEBUG 32836 --- [uberApp] [           main] o.s.b.f.s.DefaultListableBeanFactory     : Autowiring by type from bean name 'driverController' via constructor to bean named 'driverServiceImpl'
2024-09-19T11:23:35.984-05:00 DEBUG 32836 --- [uberApp] [           main] o.s.b.f.s.DefaultListableBeanFactory     : Creating shared instance of singleton bean 'riderController'
2024-09-19T11:23:35.985-05:00 DEBUG 32836 --- [uberApp] [           main] o.s.b.f.s.DefaultListableBeanFactory     : Autowiring by type from bean name 'riderController' via constructor to bean named 'riderServiceImpl'
2024-09-19T11:23:35.985-05:00 DEBUG 32836 --- [uberApp] [           main] o.s.b.f.s.DefaultListableBeanFactory     : Creating shared instance of singleton bean 'org.springframework.boot.autoconfigure.context.PropertyPlaceholderAutoConfiguration'
2024-09-19T11:23:35.985-05:00 DEBUG 32836 --- [uberApp] [           main] o.s.b.f.s.DefaultListableBeanFactory     : Creating shared instance of singleton bean 'org.springframework.boot.autoconfigure.ssl.SslAutoConfiguration'
2024-09-19T11:23:35.986-05:00 DEBUG 32836 --- [uberApp] [           main] o.s.b.f.s.DefaultListableBeanFactory     : Creating shared instance of singleton bean 'spring.ssl-org.springframework.boot.autoconfigure.ssl.SslProperties'
2024-09-19T11:23:35.988-05:00 DEBUG 32836 --- [uberApp] [           main] o.s.b.f.s.DefaultListableBeanFactory     : Autowiring by type from bean name 'org.springframework.boot.autoconfigure.ssl.SslAutoConfiguration' via constructor to bean named 'spring.ssl-org.springframework.boot.autoconfigure.ssl.SslProperties'
2024-09-19T11:23:35.988-05:00 DEBUG 32836 --- [uberApp] [           main] o.s.b.f.s.DefaultListableBeanFactory     : Creating shared instance of singleton bean 'fileWatcher'
2024-09-19T11:23:35.990-05:00 DEBUG 32836 --- [uberApp] [           main] o.s.b.f.s.DefaultListableBeanFactory     : Creating shared instance of singleton bean 'sslPropertiesSslBundleRegistrar'
2024-09-19T11:23:35.991-05:00 DEBUG 32836 --- [uberApp] [           main] o.s.b.f.s.DefaultListableBeanFactory     : Autowiring by type from bean name 'sslPropertiesSslBundleRegistrar' via factory method to bean named 'fileWatcher'
2024-09-19T11:23:35.994-05:00 DEBUG 32836 --- [uberApp] [           main] o.s.b.f.s.DefaultListableBeanFactory     : Creating shared instance of singleton bean 'sslBundleRegistry'
2024-09-19T11:23:35.998-05:00 DEBUG 32836 --- [uberApp] [           main] o.s.b.f.s.DefaultListableBeanFactory     : Creating shared instance of singleton bean 'org.springframework.boot.context.properties.EnableConfigurationPropertiesRegistrar.methodValidationExcludeFilter'
2024-09-19T11:23:35.999-05:00 DEBUG 32836 --- [uberApp] [           main] o.s.b.f.s.DefaultListableBeanFactory     : Creating shared instance of singleton bean 'org.springframework.boot.autoconfigure.websocket.servlet.WebSocketServletAutoConfiguration$TomcatWebSocketConfiguration'
2024-09-19T11:23:36.000-05:00 DEBUG 32836 --- [uberApp] [           main] o.s.b.f.s.DefaultListableBeanFactory     : Creating shared instance of singleton bean 'websocketServletWebServerCustomizer'
2024-09-19T11:23:36.002-05:00 DEBUG 32836 --- [uberApp] [           main] o.s.b.f.s.DefaultListableBeanFactory     : Creating shared instance of singleton bean 'org.springframework.boot.autoconfigure.websocket.servlet.WebSocketServletAutoConfiguration'
2024-09-19T11:23:36.003-05:00 DEBUG 32836 --- [uberApp] [           main] o.s.b.f.s.DefaultListableBeanFactory     : Creating shared instance of singleton bean 'org.springframework.boot.autoconfigure.web.servlet.ServletWebServerFactoryConfiguration$EmbeddedTomcat'
2024-09-19T11:23:36.003-05:00 DEBUG 32836 --- [uberApp] [           main] o.s.b.f.s.DefaultListableBeanFactory     : Creating shared instance of singleton bean 'tomcatServletWebServerFactory'
2024-09-19T11:23:36.049-05:00 DEBUG 32836 --- [uberApp] [           main] o.s.b.f.s.DefaultListableBeanFactory     : Creating shared instance of singleton bean 'servletWebServerFactoryCustomizer'
2024-09-19T11:23:36.050-05:00 DEBUG 32836 --- [uberApp] [           main] o.s.b.f.s.DefaultListableBeanFactory     : Creating shared instance of singleton bean 'org.springframework.boot.autoconfigure.web.servlet.ServletWebServerFactoryAutoConfiguration'
2024-09-19T11:23:36.051-05:00 DEBUG 32836 --- [uberApp] [           main] o.s.b.f.s.DefaultListableBeanFactory     : Creating shared instance of singleton bean 'server-org.springframework.boot.autoconfigure.web.ServerProperties'
2024-09-19T11:23:36.065-05:00 DEBUG 32836 --- [uberApp] [           main] o.s.b.f.s.DefaultListableBeanFactory     : Autowiring by type from bean name 'servletWebServerFactoryCustomizer' via factory method to bean named 'server-org.springframework.boot.autoconfigure.web.ServerProperties'
2024-09-19T11:23:36.069-05:00 DEBUG 32836 --- [uberApp] [           main] o.s.b.f.s.DefaultListableBeanFactory     : Creating shared instance of singleton bean 'tomcatServletWebServerFactoryCustomizer'
2024-09-19T11:23:36.069-05:00 DEBUG 32836 --- [uberApp] [           main] o.s.b.f.s.DefaultListableBeanFactory     : Autowiring by type from bean name 'tomcatServletWebServerFactoryCustomizer' via factory method to bean named 'server-org.springframework.boot.autoconfigure.web.ServerProperties'
2024-09-19T11:23:36.070-05:00 DEBUG 32836 --- [uberApp] [           main] o.s.b.f.s.DefaultListableBeanFactory     : Creating shared instance of singleton bean 'localeCharsetMappingsCustomizer'
2024-09-19T11:23:36.070-05:00 DEBUG 32836 --- [uberApp] [           main] o.s.b.f.s.DefaultListableBeanFactory     : Creating shared instance of singleton bean 'org.springframework.boot.autoconfigure.web.servlet.HttpEncodingAutoConfiguration'
2024-09-19T11:23:36.070-05:00 DEBUG 32836 --- [uberApp] [           main] o.s.b.f.s.DefaultListableBeanFactory     : Autowiring by type from bean name 'org.springframework.boot.autoconfigure.web.servlet.HttpEncodingAutoConfiguration' via constructor to bean named 'server-org.springframework.boot.autoconfigure.web.ServerProperties'
2024-09-19T11:23:36.099-05:00 DEBUG 32836 --- [uberApp] [           main] o.s.b.f.s.DefaultListableBeanFactory     : Creating shared instance of singleton bean 'errorPageCustomizer'
2024-09-19T11:23:36.099-05:00 DEBUG 32836 --- [uberApp] [           main] o.s.b.f.s.DefaultListableBeanFactory     : Creating shared instance of singleton bean 'org.springframework.boot.autoconfigure.web.servlet.error.ErrorMvcAutoConfiguration'
2024-09-19T11:23:36.100-05:00 DEBUG 32836 --- [uberApp] [           main] o.s.b.f.s.DefaultListableBeanFactory     : Autowiring by type from bean name 'org.springframework.boot.autoconfigure.web.servlet.error.ErrorMvcAutoConfiguration' via constructor to bean named 'server-org.springframework.boot.autoconfigure.web.ServerProperties'
2024-09-19T11:23:36.100-05:00 DEBUG 32836 --- [uberApp] [           main] o.s.b.f.s.DefaultListableBeanFactory     : Creating shared instance of singleton bean 'dispatcherServletRegistration'
2024-09-19T11:23:36.100-05:00 DEBUG 32836 --- [uberApp] [           main] o.s.b.f.s.DefaultListableBeanFactory     : Creating shared instance of singleton bean 'org.springframework.boot.autoconfigure.web.servlet.DispatcherServletAutoConfiguration$DispatcherServletRegistrationConfiguration'
2024-09-19T11:23:36.101-05:00 DEBUG 32836 --- [uberApp] [           main] o.s.b.f.s.DefaultListableBeanFactory     : Creating shared instance of singleton bean 'dispatcherServlet'
2024-09-19T11:23:36.101-05:00 DEBUG 32836 --- [uberApp] [           main] o.s.b.f.s.DefaultListableBeanFactory     : Creating shared instance of singleton bean 'org.springframework.boot.autoconfigure.web.servlet.DispatcherServletAutoConfiguration$DispatcherServletConfiguration'
2024-09-19T11:23:36.102-05:00 DEBUG 32836 --- [uberApp] [           main] o.s.b.f.s.DefaultListableBeanFactory     : Creating shared instance of singleton bean 'spring.mvc-org.springframework.boot.autoconfigure.web.servlet.WebMvcProperties'
2024-09-19T11:23:36.106-05:00 DEBUG 32836 --- [uberApp] [           main] o.s.b.f.s.DefaultListableBeanFactory     : Autowiring by type from bean name 'dispatcherServlet' via factory method to bean named 'spring.mvc-org.springframework.boot.autoconfigure.web.servlet.WebMvcProperties'
2024-09-19T11:23:36.123-05:00 DEBUG 32836 --- [uberApp] [           main] o.s.b.f.s.DefaultListableBeanFactory     : Autowiring by type from bean name 'dispatcherServletRegistration' via factory method to bean named 'dispatcherServlet'
2024-09-19T11:23:36.123-05:00 DEBUG 32836 --- [uberApp] [           main] o.s.b.f.s.DefaultListableBeanFactory     : Autowiring by type from bean name 'dispatcherServletRegistration' via factory method to bean named 'spring.mvc-org.springframework.boot.autoconfigure.web.servlet.WebMvcProperties'
2024-09-19T11:23:36.125-05:00 DEBUG 32836 --- [uberApp] [           main] o.s.b.f.s.DefaultListableBeanFactory     : Creating shared instance of singleton bean 'multipartConfigElement'
2024-09-19T11:23:36.126-05:00 DEBUG 32836 --- [uberApp] [           main] o.s.b.f.s.DefaultListableBeanFactory     : Creating shared instance of singleton bean 'org.springframework.boot.autoconfigure.web.servlet.MultipartAutoConfiguration'
2024-09-19T11:23:36.126-05:00 DEBUG 32836 --- [uberApp] [           main] o.s.b.f.s.DefaultListableBeanFactory     : Creating shared instance of singleton bean 'spring.servlet.multipart-org.springframework.boot.autoconfigure.web.servlet.MultipartProperties'
2024-09-19T11:23:36.129-05:00 DEBUG 32836 --- [uberApp] [           main] o.s.b.f.s.DefaultListableBeanFactory     : Autowiring by type from bean name 'org.springframework.boot.autoconfigure.web.servlet.MultipartAutoConfiguration' via constructor to bean named 'spring.servlet.multipart-org.springframework.boot.autoconfigure.web.servlet.MultipartProperties'
2024-09-19T11:23:36.134-05:00 DEBUG 32836 --- [uberApp] [           main] o.s.b.f.s.DefaultListableBeanFactory     : Autowiring by type from bean name 'errorPageCustomizer' via factory method to bean named 'dispatcherServletRegistration'
2024-09-19T11:23:36.136-05:00 DEBUG 32836 --- [uberApp] [           main] o.s.b.f.s.DefaultListableBeanFactory     : Creating shared instance of singleton bean 'org.springframework.boot.autoconfigure.web.servlet.DispatcherServletAutoConfiguration'
2024-09-19T11:23:36.136-05:00 DEBUG 32836 --- [uberApp] [           main] o.s.b.f.s.DefaultListableBeanFactory     : Creating shared instance of singleton bean 'org.springframework.boot.autoconfigure.task.TaskExecutorConfigurations$ThreadPoolTaskExecutorBuilderConfiguration'
2024-09-19T11:23:36.136-05:00 DEBUG 32836 --- [uberApp] [           main] o.s.b.f.s.DefaultListableBeanFactory     : Creating shared instance of singleton bean 'threadPoolTaskExecutorBuilder'
2024-09-19T11:23:36.137-05:00 DEBUG 32836 --- [uberApp] [           main] o.s.b.f.s.DefaultListableBeanFactory     : Creating shared instance of singleton bean 'spring.task.execution-org.springframework.boot.autoconfigure.task.TaskExecutionProperties'
2024-09-19T11:23:36.138-05:00 DEBUG 32836 --- [uberApp] [           main] o.s.b.f.s.DefaultListableBeanFactory     : Autowiring by type from bean name 'threadPoolTaskExecutorBuilder' via factory method to bean named 'spring.task.execution-org.springframework.boot.autoconfigure.task.TaskExecutionProperties'
[...]

   QuartzAutoConfiguration:
      Did not match:
         - @ConditionalOnClass did not find required class 'org.quartz.Scheduler' (OnClassCondition)

   R2dbcAutoConfiguration:
      Did not match:
         - @ConditionalOnClass did not find required class 'io.r2dbc.spi.ConnectionFactory' (OnClassCondition)

   R2dbcDataAutoConfiguration:
      Did not match:
         - @ConditionalOnClass did not find required class 'org.springframework.data.r2dbc.core.R2dbcEntityTemplate' (OnClassCondition)

   R2dbcInitializationConfiguration:
      Did not match:
         - @ConditionalOnClass did not find required classes 'io.r2dbc.spi.ConnectionFactory', 'org.springframework.r2dbc.connection.init.DatabasePopulator' (OnClassCondition)

   R2dbcRepositoriesAutoConfiguration:
      Did not match:
         - @ConditionalOnClass did not find required class 'io.r2dbc.spi.ConnectionFactory' (OnClassCondition)

   R2dbcTransactionManagerAutoConfiguration:
      Did not match:
         - @ConditionalOnClass did not find required class 'org.springframework.r2dbc.connection.R2dbcTransactionManager' (OnClassCondition)

   RSocketGraphQlClientAutoConfiguration:
      Did not match:
         - @ConditionalOnClass did not find required class 'graphql.GraphQL' (OnClassCondition)

   RSocketMessagingAutoConfiguration:
      Did not match:
         - @ConditionalOnClass did not find required class 'io.rsocket.RSocket' (OnClassCondition)

   RSocketRequesterAutoConfiguration:
      Did not match:
         - @ConditionalOnClass did not find required class 'io.rsocket.RSocket' (OnClassCondition)

   RSocketSecurityAutoConfiguration:
      Did not match:
         - @ConditionalOnClass did not find required class 'org.springframework.security.rsocket.core.SecuritySocketAcceptorInterceptor' (OnClassCondition)

   RSocketServerAutoConfiguration:
      Did not match:
         - @ConditionalOnClass did not find required class 'io.rsocket.core.RSocketServer' (OnClassCondition)

   RSocketStrategiesAutoConfiguration:
      Did not match:
         - @ConditionalOnClass did not find required class 'io.netty.buffer.PooledByteBufAllocator' (OnClassCondition)

   RabbitAutoConfiguration:
      Did not match:
         - @ConditionalOnClass did not find required class 'com.rabbitmq.client.Channel' (OnClassCondition)

   ReactiveElasticsearchClientAutoConfiguration:
      Did not match:
         - @ConditionalOnClass did not find required class 'co.elastic.clients.transport.ElasticsearchTransport' (OnClassCondition)

   ReactiveElasticsearchRepositoriesAutoConfiguration:
      Did not match:
         - @ConditionalOnClass did not find required class 'reactor.core.publisher.Mono' (OnClassCondition)

   ReactiveMultipartAutoConfiguration:
      Did not match:
         - @ConditionalOnClass did not find required class 'org.springframework.web.reactive.config.WebFluxConfigurer' (OnClassCondition)

   ReactiveOAuth2ClientAutoConfiguration:
      Did not match:
         - @ConditionalOnClass did not find required class 'reactor.core.publisher.Flux' (OnClassCondition)

   ReactiveOAuth2ResourceServerAutoConfiguration:
      Did not match:
         - @ConditionalOnClass did not find required class 'org.springframework.security.config.annotation.web.reactive.EnableWebFluxSecurity' (OnClassCondition)

   ReactiveSecurityAutoConfiguration:
      Did not match:
         - @ConditionalOnClass did not find required class 'reactor.core.publisher.Flux' (OnClassCondition)

   ReactiveUserDetailsServiceAutoConfiguration:
      Did not match:
         - @ConditionalOnClass did not find required class 'org.springframework.security.authentication.ReactiveAuthenticationManager' (OnClassCondition)

   ReactiveWebServerFactoryAutoConfiguration:
      Did not match:
         - @ConditionalOnWebApplication did not find reactive web application classes (OnWebApplicationCondition)

   ReactorAutoConfiguration:
      Did not match:
         - @ConditionalOnClass did not find required class 'reactor.core.publisher.Hooks' (OnClassCondition)

   RedisAutoConfiguration:
      Did not match:
         - @ConditionalOnClass did not find required class 'org.springframework.data.redis.core.RedisOperations' (OnClassCondition)

   RedisCacheConfiguration:
      Did not match:
         - @ConditionalOnClass did not find required class 'org.springframework.data.redis.connection.RedisConnectionFactory' (OnClassCondition)

   RedisReactiveAutoConfiguration:
      Did not match:
         - @ConditionalOnClass did not find required class 'reactor.core.publisher.Flux' (OnClassCondition)

   RedisRepositoriesAutoConfiguration:
      Did not match:
         - @ConditionalOnClass did not find required class 'org.springframework.data.redis.repository.configuration.EnableRedisRepositories' (OnClassCondition)

   RepositoryRestMvcAutoConfiguration:
      Did not match:
         - @ConditionalOnClass did not find required class 'org.springframework.data.rest.webmvc.config.RepositoryRestMvcConfiguration' (OnClassCondition)

   Saml2RelyingPartyAutoConfiguration:
      Did not match:
         - @ConditionalOnClass did not find required class 'org.springframework.security.saml2.provider.service.registration.RelyingPartyRegistrationRepository' (OnClassCondition)

   SecurityAutoConfiguration:
      Did not match:
         - @ConditionalOnClass did not find required class 'org.springframework.security.authentication.DefaultAuthenticationEventPublisher' (OnClassCondition)

   SecurityFilterAutoConfiguration:
      Did not match:
         - @ConditionalOnClass did not find required class 'org.springframework.security.config.http.SessionCreationPolicy' (OnClassCondition)

   SendGridAutoConfiguration:
      Did not match:
         - @ConditionalOnClass did not find required class 'com.sendgrid.SendGrid' (OnClassCondition)

   ServletWebServerFactoryAutoConfiguration.ForwardedHeaderFilterConfiguration:
      Did not match:
         - @ConditionalOnProperty (server.forward-headers-strategy=framework) did not find property 'server.forward-headers-strategy' (OnPropertyCondition)

   ServletWebServerFactoryConfiguration.EmbeddedJetty:
      Did not match:
         - @ConditionalOnClass did not find required classes 'org.eclipse.jetty.server.Server', 'org.eclipse.jetty.util.Loader', 'org.eclipse.jetty.ee10.webapp.WebAppContext' (OnClassCondition)

   ServletWebServerFactoryConfiguration.EmbeddedUndertow:
      Did not match:
         - @ConditionalOnClass did not find required classes 'io.undertow.Undertow', 'org.xnio.SslClientAuthMode' (OnClassCondition)

   SessionAutoConfiguration:
      Did not match:
         - @ConditionalOnClass did not find required class 'org.springframework.session.Session' (OnClassCondition)

   SpringApplicationAdminJmxAutoConfiguration:
      Did not match:
         - @ConditionalOnProperty (spring.application.admin.enabled=true) did not find property 'enabled' (OnPropertyCondition)

   TaskExecutorConfigurations.SimpleAsyncTaskExecutorBuilderConfiguration#simpleAsyncTaskExecutorBuilderVirtualThreads:
      Did not match:
         - @ConditionalOnMissingBean (types: org.springframework.boot.task.SimpleAsyncTaskExecutorBuilder; SearchStrategy: all) found beans of type 'org.springframework.boot.task.SimpleAsyncTaskExecutorBuilder' simpleAsyncTaskExecutorBuilder (OnBeanCondition)

   TaskExecutorConfigurations.TaskExecutorConfiguration#applicationTaskExecutorVirtualThreads:
      Did not match:
         - @ConditionalOnThreading did not find VIRTUAL (OnThreadingCondition)

   TaskSchedulingAutoConfiguration#scheduledBeanLazyInitializationExcludeFilter:
      Did not match:
         - @ConditionalOnBean (names: org.springframework.context.annotation.internalScheduledAnnotationProcessor; SearchStrategy: all) did not find any beans named org.springframework.context.annotation.internalScheduledAnnotationProcessor (OnBeanCondition)

   TaskSchedulingConfigurations.SimpleAsyncTaskSchedulerBuilderConfiguration#simpleAsyncTaskSchedulerBuilderVirtualThreads:
      Did not match:
         - @ConditionalOnMissingBean (types: org.springframework.boot.task.SimpleAsyncTaskSchedulerBuilder; SearchStrategy: all) found beans of type 'org.springframework.boot.task.SimpleAsyncTaskSchedulerBuilder' simpleAsyncTaskSchedulerBuilder (OnBeanCondition)

   TaskSchedulingConfigurations.TaskSchedulerConfiguration:
      Did not match:
         - @ConditionalOnBean (names: org.springframework.context.annotation.internalScheduledAnnotationProcessor; SearchStrategy: all) did not find any beans named org.springframework.context.annotation.internalScheduledAnnotationProcessor (OnBeanCondition)

   ThymeleafAutoConfiguration:
      Did not match:
         - @ConditionalOnClass did not find required class 'org.thymeleaf.spring6.SpringTemplateEngine' (OnClassCondition)

   TransactionAutoConfiguration#transactionalOperator:
      Did not match:
         - @ConditionalOnSingleCandidate (types: org.springframework.transaction.ReactiveTransactionManager; SearchStrategy: all) did not find any beans (OnBeanCondition)

   TransactionAutoConfiguration.AspectJTransactionManagementConfiguration:
      Did not match:
         - @ConditionalOnBean (types: org.springframework.transaction.aspectj.AbstractTransactionAspect; SearchStrategy: all) did not find any beans of type org.springframework.transaction.aspectj.AbstractTransactionAspect (OnBeanCondition)

   TransactionAutoConfiguration.EnableTransactionManagementConfiguration.JdkDynamicAutoProxyConfiguration:
      Did not match:
         - @ConditionalOnProperty (spring.aop.proxy-target-class=false) did not find property 'proxy-target-class' (OnPropertyCondition)

   UserDetailsServiceAutoConfiguration:
      Did not match:
         - @ConditionalOnClass did not find required class 'org.springframework.security.authentication.AuthenticationManager' (OnClassCondition)

   ValidationAutoConfiguration:
      Did not match:
         - @ConditionalOnClass did not find required class 'jakarta.validation.executable.ExecutableValidator' (OnClassCondition)

   WebClientAutoConfiguration:
      Did not match:
         - @ConditionalOnClass did not find required class 'org.springframework.web.reactive.function.client.WebClient' (OnClassCondition)

   WebFluxAutoConfiguration:
      Did not match:
         - @ConditionalOnClass did not find required class 'org.springframework.web.reactive.config.WebFluxConfigurer' (OnClassCondition)

   WebMvcAutoConfiguration#hiddenHttpMethodFilter:
      Did not match:
         - @ConditionalOnProperty (spring.mvc.hiddenmethod.filter.enabled) did not find property 'enabled' (OnPropertyCondition)

   WebMvcAutoConfiguration.ProblemDetailsErrorHandlingConfiguration:
      Did not match:
         - @ConditionalOnProperty (spring.mvc.problemdetails.enabled=true) did not find property 'enabled' (OnPropertyCondition)

   WebMvcAutoConfiguration.ResourceChainCustomizerConfiguration:
      Did not match:
         - @ConditionalOnEnabledResourceChain did not find class org.webjars.WebJarAssetLocator (OnEnabledResourceChainCondition)

   WebMvcAutoConfiguration.WebMvcAutoConfigurationAdapter#beanNameViewResolver:
      Did not match:
         - @ConditionalOnMissingBean (types: org.springframework.web.servlet.view.BeanNameViewResolver; SearchStrategy: all) found beans of type 'org.springframework.web.servlet.view.BeanNameViewResolver' beanNameViewResolver (OnBeanCondition)

   WebServiceTemplateAutoConfiguration:
      Did not match:
         - @ConditionalOnClass did not find required class 'org.springframework.oxm.Marshaller' (OnClassCondition)

   WebServicesAutoConfiguration:
      Did not match:
         - @ConditionalOnClass did not find required class 'org.springframework.ws.transport.http.MessageDispatcherServlet' (OnClassCondition)

   WebSessionIdResolverAutoConfiguration:
      Did not match:
         - @ConditionalOnClass did not find required class 'reactor.core.publisher.Mono' (OnClassCondition)

   WebSocketMessagingAutoConfiguration:
      Did not match:
         - @ConditionalOnClass did not find required class 'org.springframework.web.socket.config.annotation.WebSocketMessageBrokerConfigurer' (OnClassCondition)

   WebSocketReactiveAutoConfiguration:
      Did not match:
         - @ConditionalOnWebApplication did not find reactive web application classes (OnWebApplicationCondition)

   WebSocketServletAutoConfiguration.JettyWebSocketConfiguration:
      Did not match:
         - @ConditionalOnClass did not find required class 'org.eclipse.jetty.ee10.websocket.jakarta.server.config.JakartaWebSocketServletContainerInitializer' (OnClassCondition)

   WebSocketServletAutoConfiguration.UndertowWebSocketConfiguration:
      Did not match:
         - @ConditionalOnClass did not find required class 'io.undertow.websockets.jsr.Bootstrap' (OnClassCondition)

   XADataSourceAutoConfiguration:
      Did not match:
         - @ConditionalOnBean (types: org.springframework.boot.jdbc.XADataSourceWrapper; SearchStrategy: all) did not find any beans of type org.springframework.boot.jdbc.XADataSourceWrapper (OnBeanCondition)
      Matched:
         - @ConditionalOnClass found required classes 'javax.sql.DataSource', 'jakarta.transaction.TransactionManager', 'org.springframework.jdbc.datasource.embedded.EmbeddedDatabaseType' (OnClassCondition)


Exclusions:
-----------

    None


Unconditional classes:
----------------------

    org.springframework.boot.autoconfigure.context.ConfigurationPropertiesAutoConfiguration

    org.springframework.boot.autoconfigure.ssl.SslAutoConfiguration

    org.springframework.boot.autoconfigure.context.LifecycleAutoConfiguration

    org.springframework.boot.autoconfigure.context.PropertyPlaceholderAutoConfiguration

    org.springframework.boot.autoconfigure.availability.ApplicationAvailabilityAutoConfiguration

    org.springframework.boot.autoconfigure.info.ProjectInfoAutoConfiguration



2024-09-19T11:23:36.657-05:00  INFO 32836 --- [uberApp] [           main] c.v.p.u.uberApp.UberAppApplicationTests  : Started UberAppApplicationTests in 4.496 seconds (process running for 5.36)
2024-09-19T11:23:36.659-05:00 DEBUG 32836 --- [uberApp] [           main] o.s.b.a.ApplicationAvailabilityBean      : Application availability state LivenessState changed to CORRECT
2024-09-19T11:23:36.662-05:00 DEBUG 32836 --- [uberApp] [           main] o.s.b.a.ApplicationAvailabilityBean      : Application availability state ReadinessState changed to ACCEPTING_TRAFFIC
2024-09-19T11:23:36.669-05:00 DEBUG 32836 --- [uberApp] [           main] org.springframework.test.context.cache   : Spring test ApplicationContext cache statistics: [DefaultContextCache@5fc42998 size = 1, maxSize = 32, parentContextCount = 0, hitCount = 0, missCount = 1, failureCount = 0]
2024-09-19T11:23:36.670-05:00 DEBUG 32836 --- [uberApp] [           main] o.s.t.c.w.ServletTestExecutionListener   : Setting up MockHttpServletRequest, MockHttpServletResponse, ServletWebRequest, and RequestContextHolder for test class com.venkat.project.uber.uberApp.UberAppApplicationTests
2024-09-19T11:23:36.686-05:00 DEBUG 32836 --- [uberApp] [           main] DependencyInjectionTestExecutionListener : Performing dependency injection for test class com.venkat.project.uber.uberApp.UberAppApplicationTests
2024-09-19T11:23:36.686-05:00 DEBUG 32836 --- [uberApp] [           main] org.springframework.test.context.cache   : Spring test ApplicationContext cache statistics: [DefaultContextCache@5fc42998 size = 1, maxSize = 32, parentContextCount = 0, hitCount = 1, missCount = 1, failureCount = 0]
2024-09-19T11:23:36.687-05:00 DEBUG 32836 --- [uberApp] [           main] org.springframework.test.context.cache   : Spring test ApplicationContext cache statistics: [DefaultContextCache@5fc42998 size = 1, maxSize = 32, parentContextCount = 0, hitCount = 2, missCount = 1, failureCount = 0]
2024-09-19T11:23:36.692-05:00 DEBUG 32836 --- [uberApp] [           main] sContextBeforeModesTestExecutionListener : Before test method: class [UberAppApplicationTests], method [contextLoads], class annotated with @DirtiesContext [false] with mode [null], method annotated with @DirtiesContext [false] with mode [null]
2024-09-19T11:23:36.696-05:00 DEBUG 32836 --- [uberApp] [           main] org.springframework.test.context.cache   : Spring test ApplicationContext cache statistics: [DefaultContextCache@5fc42998 size = 1, maxSize = 32, parentContextCount = 0, hitCount = 3, missCount = 1, failureCount = 0]
2024-09-19T11:23:36.696-05:00 DEBUG 32836 --- [uberApp] [           main] org.springframework.test.context.cache   : Spring test ApplicationContext cache statistics: [DefaultContextCache@5fc42998 size = 1, maxSize = 32, parentContextCount = 0, hitCount = 4, missCount = 1, failureCount = 0]
2024-09-19T11:23:37.038-05:00 DEBUG 32836 --- [uberApp] [           main] org.springframework.test.context.cache   : Spring test ApplicationContext cache statistics: [DefaultContextCache@5fc42998 size = 1, maxSize = 32, parentContextCount = 0, hitCount = 5, missCount = 1, failureCount = 0]
2024-09-19T11:23:37.042-05:00 DEBUG 32836 --- [uberApp] [           main] org.springframework.test.context.cache   : Spring test ApplicationContext cache statistics: [DefaultContextCache@5fc42998 size = 1, maxSize = 32, parentContextCount = 0, hitCount = 6, missCount = 1, failureCount = 0]
2024-09-19T11:23:37.042-05:00 DEBUG 32836 --- [uberApp] [           main] org.springframework.test.context.cache   : Spring test ApplicationContext cache statistics: [DefaultContextCache@5fc42998 size = 1, maxSize = 32, parentContextCount = 0, hitCount = 7, missCount = 1, failureCount = 0]
2024-09-19T11:23:37.042-05:00 DEBUG 32836 --- [uberApp] [           main] org.springframework.test.context.cache   : Spring test ApplicationContext cache statistics: [DefaultContextCache@5fc42998 size = 1, maxSize = 32, parentContextCount = 0, hitCount = 8, missCount = 1, failureCount = 0]
2024-09-19T11:23:37.043-05:00 DEBUG 32836 --- [uberApp] [           main] org.springframework.test.context.cache   : Spring test ApplicationContext cache statistics: [DefaultContextCache@5fc42998 size = 1, maxSize = 32, parentContextCount = 0, hitCount = 9, missCount = 1, failureCount = 0]
2024-09-19T11:23:37.043-05:00 DEBUG 32836 --- [uberApp] [           main] org.springframework.test.context.cache   : Spring test ApplicationContext cache statistics: [DefaultContextCache@5fc42998 size = 1, maxSize = 32, parentContextCount = 0, hitCount = 10, missCount = 1, failureCount = 0]
2024-09-19T11:23:37.045-05:00 DEBUG 32836 --- [uberApp] [           main] org.springframework.test.context.cache   : Spring test ApplicationContext cache statistics: [DefaultContextCache@5fc42998 size = 1, maxSize = 32, parentContextCount = 0, hitCount = 11, missCount = 1, failureCount = 0]
2024-09-19T11:23:37.047-05:00 DEBUG 32836 --- [uberApp] [           main] .c.s.DirtiesContextTestExecutionListener : After test method: class [UberAppApplicationTests], method [contextLoads], class annotated with @DirtiesContext [false] with mode [null], method annotated with @DirtiesContext [false] with mode [null]
2024-09-19T11:23:37.047-05:00 DEBUG 32836 --- [uberApp] [           main] o.s.t.c.w.ServletTestExecutionListener   : Resetting RequestContextHolder for test class com.venkat.project.uber.uberApp.UberAppApplicationTests
]]></system-out>
    <system-err><![CDATA[WARNING: A Java agent has been loaded dynamically (C:\Users\venka\.m2\repository\net\bytebuddy\byte-buddy-agent\1.14.19\byte-buddy-agent-1.14.19.jar)
WARNING: If a serviceability tool is in use, please run with -XX:+EnableDynamicAgentLoading to hide this warning
WARNING: If a serviceability tool is not in use, please run with -Djdk.instrument.traceUsage for more information
WARNING: Dynamic loading of agents will be disallowed by default in a future release
]]></system-err>
  </testcase>
</testsuite>