<?xml version="1.0" encoding="UTF-8"?>
<testsuite xmlns:xsi="http://www.w3.org/2001/XMLSchema-instance" xsi:noNamespaceSchemaLocation="https://maven.apache.org/surefire/maven-surefire-plugin/xsd/surefire-test-report-3.0.xsd" version="3.0" name="com.venkat.project.uber.uberApp.UberAppApplicationTests" time="10.432" tests="1" errors="0" skipped="0" failures="0">
  <properties>
[...]
</properties>
  <testcase name="contextLoads" classname="com.venkat.project.uber.uberApp.UberAppApplicationTests" time="0.53">
    <system-out><![CDATA[22:22:49.084 [main] INFO org.springframework.test.context.support.AnnotationConfigContextLoaderUtils -- Could not detect default configuration classes for test class [com.venkat.project.uber.uberApp.UberAppApplicationTests]: UberAppApplicationTests does not declare any static, non-private, non-final, nested classes annotated with @Configuration.
22:22:49.239 [main] INFO org.springframework.boot.test.context.SpringBootTestContextBootstrapper -- Found @SpringBootConfiguration com.venkat.project.uber.uberApp.UberAppApplication for test class com.venkat.project.uber.uberApp.UberAppApplicationTests
22:22:49.467 [main] INFO org.springframework.boot.devtools.restart.RestartApplicationListener -- Restart disabled due to context in which it is running

  .   ____          _            __ _ _
 /\\ / ___'_ __ _ _(_)_ __  __ _ \ \ \ \
( ( )\___ | '_ | '_| | '_ \/ _` | \ \ \ \
 \\/  ___)| |_)| | | | | || (_| |  ) ) ) )
  '  |____| .__|_| |_|_| |_\__, | / / / /
 =========|_|==============|___/=/_/_/_/

 :: Spring Boot ::                (v3.3.4)

2024-10-01T22:22:49.774-05:00  INFO 34824 --- [uberApp] [           main] c.v.p.u.uberApp.UberAppApplicationTests  : Starting UberAppApplicationTests using Java 21.0.4 with PID 34824 (started by venka in E:\uberApp)
2024-10-01T22:22:49.775-05:00  INFO 34824 --- [uberApp] [           main] c.v.p.u.uberApp.UberAppApplicationTests  : No active profile set, falling back to 1 default profile: "default"
2024-10-01T22:22:51.208-05:00  INFO 34824 --- [uberApp] [           main] .s.d.r.c.RepositoryConfigurationDelegate : Bootstrapping Spring Data JPA repositories in DEFAULT mode.
2024-10-01T22:22:51.450-05:00  INFO 34824 --- [uberApp] [           main] .s.d.r.c.RepositoryConfigurationDelegate : Finished Spring Data repository scanning in 220 ms. Found 9 JPA repository interfaces.
2024-10-01T22:22:52.504-05:00  INFO 34824 --- [uberApp] [           main] o.hibernate.jpa.internal.util.LogHelper  : HHH000204: Processing PersistenceUnitInfo [name: default]
2024-10-01T22:22:52.617-05:00  INFO 34824 --- [uberApp] [           main] org.hibernate.Version                    : HHH000412: Hibernate ORM core version 6.5.3.Final
2024-10-01T22:22:52.639-05:00  INFO 34824 --- [uberApp] [           main] o.h.spatial.integration.SpatialService   : HHH80000001: hibernate-spatial integration enabled : true
2024-10-01T22:22:52.708-05:00  INFO 34824 --- [uberApp] [           main] o.h.c.internal.RegionFactoryInitiator    : HHH000026: Second-level cache disabled
2024-10-01T22:22:52.883-05:00  INFO 34824 --- [uberApp] [           main] com.zaxxer.hikari.HikariDataSource       : HikariPool-1 - Starting...
2024-10-01T22:22:53.128-05:00  INFO 34824 --- [uberApp] [           main] com.zaxxer.hikari.pool.HikariPool        : HikariPool-1 - Added connection org.postgresql.jdbc.PgConnection@22429a11
2024-10-01T22:22:53.129-05:00  INFO 34824 --- [uberApp] [           main] com.zaxxer.hikari.HikariDataSource       : HikariPool-1 - Start completed.
2024-10-01T22:22:53.241-05:00  INFO 34824 --- [uberApp] [           main] org.hibernate.spatial                    : HHH80000003: hibernate-spatial adding type contributions from : org.hibernate.spatial.dialect.postgis.PostgisDialectContributor
2024-10-01T22:22:53.596-05:00  INFO 34824 --- [uberApp] [           main] o.s.o.j.p.SpringPersistenceUnitInfo      : No LoadTimeWeaver setup: ignoring JPA class transformer
2024-10-01T22:22:53.623-05:00  INFO 34824 --- [uberApp] [           main] org.hibernate.spatial                    : HHH80000003: hibernate-spatial adding type contributions from : org.hibernate.spatial.dialect.postgis.PostgisDialectContributor
2024-10-01T22:22:54.035-05:00  INFO 34824 --- [uberApp] [           main] org.hibernate.spatial                    : HHH80000004: hibernate-spatial adding function contributions from : org.hibernate.spatial.dialect.postgis.PostgisDialectContributor
2024-10-01T22:22:54.778-05:00  INFO 34824 --- [uberApp] [           main] o.h.e.t.j.p.i.JtaPlatformInitiator       : HHH000489: No JTA platform available (set 'hibernate.transaction.jta.platform' to enable JTA platform integration)
Hibernate: 
    alter table if exists driver 
       drop constraint if exists FK29a5l15muu6jqd77k1vp91fhw
2024-10-01T22:22:54.796-05:00  WARN 34824 --- [uberApp] [           main] o.h.engine.jdbc.spi.SqlExceptionHelper   : SQL Warning Code: 0, SQLState: 00000
2024-10-01T22:22:54.797-05:00  WARN 34824 --- [uberApp] [           main] o.h.engine.jdbc.spi.SqlExceptionHelper   : relation "driver" does not exist, skipping
Hibernate: 
    alter table if exists payment 
       drop constraint if exists FKtlyjkef4sm6h6g777mxgoh81v
2024-10-01T22:22:54.798-05:00  WARN 34824 --- [uberApp] [           main] o.h.engine.jdbc.spi.SqlExceptionHelper   : SQL Warning Code: 0, SQLState: 00000
2024-10-01T22:22:54.798-05:00  WARN 34824 --- [uberApp] [           main] o.h.engine.jdbc.spi.SqlExceptionHelper   : relation "payment" does not exist, skipping
Hibernate: 
    alter table if exists rating 
       drop constraint if exists FKj9037d2patnmrrx9qicig3kah
2024-10-01T22:22:54.798-05:00  WARN 34824 --- [uberApp] [           main] o.h.engine.jdbc.spi.SqlExceptionHelper   : SQL Warning Code: 0, SQLState: 00000
2024-10-01T22:22:54.799-05:00  WARN 34824 --- [uberApp] [           main] o.h.engine.jdbc.spi.SqlExceptionHelper   : relation "rating" does not exist, skipping
Hibernate: 
    alter table if exists rating 
       drop constraint if exists FKii3wln61740uwnqfurghfwly5
2024-10-01T22:22:54.799-05:00  WARN 34824 --- [uberApp] [           main] o.h.engine.jdbc.spi.SqlExceptionHelper   : SQL Warning Code: 0, SQLState: 00000
2024-10-01T22:22:54.799-05:00  WARN 34824 --- [uberApp] [           main] o.h.engine.jdbc.spi.SqlExceptionHelper   : relation "rating" does not exist, skipping
Hibernate: 
    alter table if exists rating 
       drop constraint if exists FKbce6twlxiyai3w14oj8nrm02k
2024-10-01T22:22:54.800-05:00  WARN 34824 --- [uberApp] [           main] o.h.engine.jdbc.spi.SqlExceptionHelper   : SQL Warning Code: 0, SQLState: 00000
2024-10-01T22:22:54.800-05:00  WARN 34824 --- [uberApp] [           main] o.h.engine.jdbc.spi.SqlExceptionHelper   : relation "rating" does not exist, skipping
Hibernate: 
    alter table if exists ride 
       drop constraint if exists FKo12dq19jo25foqggvedgvaa0p
2024-10-01T22:22:54.801-05:00  WARN 34824 --- [uberApp] [           main] o.h.engine.jdbc.spi.SqlExceptionHelper   : SQL Warning Code: 0, SQLState: 00000
2024-10-01T22:22:54.801-05:00  WARN 34824 --- [uberApp] [           main] o.h.engine.jdbc.spi.SqlExceptionHelper   : relation "ride" does not exist, skipping
Hibernate: 
    alter table if exists ride 
       drop constraint if exists FKojie7hvuyn0t49px5hsxt5cr8
2024-10-01T22:22:54.802-05:00  WARN 34824 --- [uberApp] [           main] o.h.engine.jdbc.spi.SqlExceptionHelper   : SQL Warning Code: 0, SQLState: 00000
2024-10-01T22:22:54.802-05:00  WARN 34824 --- [uberApp] [           main] o.h.engine.jdbc.spi.SqlExceptionHelper   : relation "ride" does not exist, skipping
Hibernate: 
    alter table if exists rider 
       drop constraint if exists FKpciwlqisj1l3dbqsv52bg76kd
2024-10-01T22:22:54.802-05:00  WARN 34824 --- [uberApp] [           main] o.h.engine.jdbc.spi.SqlExceptionHelper   : SQL Warning Code: 0, SQLState: 00000
2024-10-01T22:22:54.802-05:00  WARN 34824 --- [uberApp] [           main] o.h.engine.jdbc.spi.SqlExceptionHelper   : relation "rider" does not exist, skipping
Hibernate: 
    alter table if exists ride_request 
       drop constraint if exists FKcduxgbjabdg5yolikiws9vn7p
2024-10-01T22:22:54.804-05:00  WARN 34824 --- [uberApp] [           main] o.h.engine.jdbc.spi.SqlExceptionHelper   : SQL Warning Code: 0, SQLState: 00000
2024-10-01T22:22:54.804-05:00  WARN 34824 --- [uberApp] [           main] o.h.engine.jdbc.spi.SqlExceptionHelper   : relation "ride_request" does not exist, skipping
Hibernate: 
    alter table if exists user_roles 
       drop constraint if exists FK6fql8djp64yp4q9b3qeyhr82b
2024-10-01T22:22:54.804-05:00  WARN 34824 --- [uberApp] [           main] o.h.engine.jdbc.spi.SqlExceptionHelper   : SQL Warning Code: 0, SQLState: 00000
2024-10-01T22:22:54.804-05:00  WARN 34824 --- [uberApp] [           main] o.h.engine.jdbc.spi.SqlExceptionHelper   : relation "user_roles" does not exist, skipping
Hibernate: 
    alter table if exists wallet 
       drop constraint if exists FK8xcge928o78vtbh64bddusygy
2024-10-01T22:22:54.805-05:00  WARN 34824 --- [uberApp] [           main] o.h.engine.jdbc.spi.SqlExceptionHelper   : SQL Warning Code: 0, SQLState: 00000
2024-10-01T22:22:54.805-05:00  WARN 34824 --- [uberApp] [           main] o.h.engine.jdbc.spi.SqlExceptionHelper   : relation "wallet" does not exist, skipping
Hibernate: 
    alter table if exists wallet_transaction 
       drop constraint if exists FK4ayshp0r354bi0ulfxpmdfdvm
2024-10-01T22:22:54.805-05:00  WARN 34824 --- [uberApp] [           main] o.h.engine.jdbc.spi.SqlExceptionHelper   : SQL Warning Code: 0, SQLState: 00000
2024-10-01T22:22:54.806-05:00  WARN 34824 --- [uberApp] [           main] o.h.engine.jdbc.spi.SqlExceptionHelper   : relation "wallet_transaction" does not exist, skipping
Hibernate: 
    alter table if exists wallet_transaction 
       drop constraint if exists FK6cnvafp3a0xhbs0eh9w26sett
2024-10-01T22:22:54.806-05:00  WARN 34824 --- [uberApp] [           main] o.h.engine.jdbc.spi.SqlExceptionHelper   : SQL Warning Code: 0, SQLState: 00000
2024-10-01T22:22:54.806-05:00  WARN 34824 --- [uberApp] [           main] o.h.engine.jdbc.spi.SqlExceptionHelper   : relation "wallet_transaction" does not exist, skipping
Hibernate: 
    drop table if exists app_user cascade
2024-10-01T22:22:54.807-05:00  WARN 34824 --- [uberApp] [           main] o.h.engine.jdbc.spi.SqlExceptionHelper   : SQL Warning Code: 0, SQLState: 00000
2024-10-01T22:22:54.807-05:00  WARN 34824 --- [uberApp] [           main] o.h.engine.jdbc.spi.SqlExceptionHelper   : table "app_user" does not exist, skipping
Hibernate: 
    drop table if exists driver cascade
2024-10-01T22:22:54.807-05:00  WARN 34824 --- [uberApp] [           main] o.h.engine.jdbc.spi.SqlExceptionHelper   : SQL Warning Code: 0, SQLState: 00000
2024-10-01T22:22:54.807-05:00  WARN 34824 --- [uberApp] [           main] o.h.engine.jdbc.spi.SqlExceptionHelper   : table "driver" does not exist, skipping
Hibernate: 
    drop table if exists payment cascade
2024-10-01T22:22:54.808-05:00  WARN 34824 --- [uberApp] [           main] o.h.engine.jdbc.spi.SqlExceptionHelper   : SQL Warning Code: 0, SQLState: 00000
2024-10-01T22:22:54.808-05:00  WARN 34824 --- [uberApp] [           main] o.h.engine.jdbc.spi.SqlExceptionHelper   : table "payment" does not exist, skipping
Hibernate: 
    drop table if exists rating cascade
2024-10-01T22:22:54.808-05:00  WARN 34824 --- [uberApp] [           main] o.h.engine.jdbc.spi.SqlExceptionHelper   : SQL Warning Code: 0, SQLState: 00000
2024-10-01T22:22:54.808-05:00  WARN 34824 --- [uberApp] [           main] o.h.engine.jdbc.spi.SqlExceptionHelper   : table "rating" does not exist, skipping
Hibernate: 
    drop table if exists ride cascade
2024-10-01T22:22:54.810-05:00  WARN 34824 --- [uberApp] [           main] o.h.engine.jdbc.spi.SqlExceptionHelper   : SQL Warning Code: 0, SQLState: 00000
2024-10-01T22:22:54.810-05:00  WARN 34824 --- [uberApp] [           main] o.h.engine.jdbc.spi.SqlExceptionHelper   : table "ride" does not exist, skipping
Hibernate: 
    drop table if exists rider cascade
2024-10-01T22:22:54.810-05:00  WARN 34824 --- [uberApp] [           main] o.h.engine.jdbc.spi.SqlExceptionHelper   : SQL Warning Code: 0, SQLState: 00000
2024-10-01T22:22:54.810-05:00  WARN 34824 --- [uberApp] [           main] o.h.engine.jdbc.spi.SqlExceptionHelper   : table "rider" does not exist, skipping
Hibernate: 
    drop table if exists ride_request cascade
2024-10-01T22:22:54.811-05:00  WARN 34824 --- [uberApp] [           main] o.h.engine.jdbc.spi.SqlExceptionHelper   : SQL Warning Code: 0, SQLState: 00000
2024-10-01T22:22:54.811-05:00  WARN 34824 --- [uberApp] [           main] o.h.engine.jdbc.spi.SqlExceptionHelper   : table "ride_request" does not exist, skipping
Hibernate: 
    drop table if exists user_roles cascade
2024-10-01T22:22:54.812-05:00  WARN 34824 --- [uberApp] [           main] o.h.engine.jdbc.spi.SqlExceptionHelper   : SQL Warning Code: 0, SQLState: 00000
2024-10-01T22:22:54.812-05:00  WARN 34824 --- [uberApp] [           main] o.h.engine.jdbc.spi.SqlExceptionHelper   : table "user_roles" does not exist, skipping
Hibernate: 
    drop table if exists wallet cascade
2024-10-01T22:22:54.813-05:00  WARN 34824 --- [uberApp] [           main] o.h.engine.jdbc.spi.SqlExceptionHelper   : SQL Warning Code: 0, SQLState: 00000
2024-10-01T22:22:54.813-05:00  WARN 34824 --- [uberApp] [           main] o.h.engine.jdbc.spi.SqlExceptionHelper   : table "wallet" does not exist, skipping
Hibernate: 
    drop table if exists wallet_transaction cascade
2024-10-01T22:22:54.813-05:00  WARN 34824 --- [uberApp] [           main] o.h.engine.jdbc.spi.SqlExceptionHelper   : SQL Warning Code: 0, SQLState: 00000
2024-10-01T22:22:54.813-05:00  WARN 34824 --- [uberApp] [           main] o.h.engine.jdbc.spi.SqlExceptionHelper   : table "wallet_transaction" does not exist, skipping
Hibernate: 
    create table app_user (
        id bigint generated by default as identity,
        email varchar(255) unique,
        name varchar(255),
        password varchar(255),
        primary key (id)
    )
Hibernate: 
    create table driver (
        available boolean,
        rating float(53),
        id bigint generated by default as identity,
        user_id bigint unique,
        vehicle_id varchar(255),
        current_location Geometry(Point, 4326),
        primary key (id)
    )
Hibernate: 
    create table payment (
        amount float(53),
        id bigint generated by default as identity,
        payment_time timestamp(6),
        ride_id bigint unique,
        payment_method varchar(255) check (payment_method in ('CASH','WALLET')),
        payment_status varchar(255) check (payment_status in ('PENDING','CONFIRMED','REFUNDED')),
        primary key (id)
    )
Hibernate: 
    create table rating (
        driverrating integer,
        rider_rating integer,
        driver_id bigint,
        id bigint generated by default as identity,
        ride_id bigint unique,
        rider_id bigint,
        primary key (id)
    )
Hibernate: 
    create table ride (
        fare float(53),
        created_time timestamp(6),
        driver_id bigint,
        ended_at timestamp(6),
        id bigint generated by default as identity,
        rider_id bigint,
        started_at timestamp(6),
        otp varchar(255),
        payment_method varchar(255) check (payment_method in ('CASH','WALLET')),
        ride_status varchar(255) check (ride_status in ('CANCELLED','CONFIRMED','ENDED','ONGOING')),
        drop_off_location Geometry(Point, 4326),
        pickup_location Geometry(Point, 4326),
        primary key (id)
    )
Hibernate: 
    create table rider (
        rating float(53),
        id bigint generated by default as identity,
        user_id bigint unique,
        primary key (id)
    )
Hibernate: 
    create table ride_request (
        fare float(53),
        id bigint generated by default as identity,
        requested_time timestamp(6),
        rider_id bigint,
        payment_method varchar(255) check (payment_method in ('CASH','WALLET')),
        ride_request_status varchar(255) check (ride_request_status in ('PENDING','CANCELLED','CONFIRMED')),
        drop_off_location Geometry(Point, 4326),
        pickup_location Geometry(Point, 4326),
        primary key (id)
    )
Hibernate: 
    create table user_roles (
        user_id bigint not null,
        roles varchar(255) check (roles in ('ADMIN','DRIVER','RIDER'))
    )
Hibernate: 
    create table wallet (
        balance float(53),
        id bigint generated by default as identity,
        user_id bigint not null unique,
        primary key (id)
    )
Hibernate: 
    create table wallet_transaction (
        amount float(53),
        transaction_method smallint check (transaction_method between 0 and 1),
        transaction_type smallint check (transaction_type between 0 and 1),
        id bigint generated by default as identity,
        ride_id bigint,
        time_stamp timestamp(6),
        wallet_id bigint,
        transaction_id varchar(255),
        primary key (id)
    )
Hibernate: 
    create index idx_user_email 
       on app_user (email)
Hibernate: 
    create index idx_driver_vehicle_id 
       on driver (vehicle_id)
Hibernate: 
    create index idx_rating_rider 
       on rating (rider_id)
Hibernate: 
    create index idx_rating_driver 
       on rating (driver_id)
Hibernate: 
    create index idx_ride_rider 
       on ride (rider_id)
Hibernate: 
    create index idx_ride_driver 
       on ride (driver_id)
Hibernate: 
    create index idx_ride_request_rider 
       on ride_request (rider_id)
Hibernate: 
    create index idx_wallet_transaction_wallet 
       on wallet_transaction (wallet_id)
Hibernate: 
    create index idx_wallet_transaction_ride 
       on wallet_transaction (ride_id)
Hibernate: 
    alter table if exists driver 
       add constraint FK29a5l15muu6jqd77k1vp91fhw 
       foreign key (user_id) 
       references app_user
Hibernate: 
    alter table if exists payment 
       add constraint FKtlyjkef4sm6h6g777mxgoh81v 
       foreign key (ride_id) 
       references ride
Hibernate: 
    alter table if exists rating 
       add constraint FKj9037d2patnmrrx9qicig3kah 
       foreign key (driver_id) 
       references driver
Hibernate: 
    alter table if exists rating 
       add constraint FKii3wln61740uwnqfurghfwly5 
       foreign key (ride_id) 
       references ride
Hibernate: 
    alter table if exists rating 
       add constraint FKbce6twlxiyai3w14oj8nrm02k 
       foreign key (rider_id) 
       references rider
Hibernate: 
    alter table if exists ride 
       add constraint FKo12dq19jo25foqggvedgvaa0p 
       foreign key (driver_id) 
       references driver
Hibernate: 
    alter table if exists ride 
       add constraint FKojie7hvuyn0t49px5hsxt5cr8 
       foreign key (rider_id) 
       references rider
Hibernate: 
    alter table if exists rider 
       add constraint FKpciwlqisj1l3dbqsv52bg76kd 
       foreign key (user_id) 
       references app_user
Hibernate: 
    alter table if exists ride_request 
       add constraint FKcduxgbjabdg5yolikiws9vn7p 
       foreign key (rider_id) 
       references rider
Hibernate: 
    alter table if exists user_roles 
       add constraint FK6fql8djp64yp4q9b3qeyhr82b 
       foreign key (user_id) 
       references app_user
Hibernate: 
    alter table if exists wallet 
       add constraint FK8xcge928o78vtbh64bddusygy 
       foreign key (user_id) 
       references app_user
Hibernate: 
    alter table if exists wallet_transaction 
       add constraint FK4ayshp0r354bi0ulfxpmdfdvm 
       foreign key (ride_id) 
       references ride
Hibernate: 
    alter table if exists wallet_transaction 
       add constraint FK6cnvafp3a0xhbs0eh9w26sett 
       foreign key (wallet_id) 
       references wallet
2024-10-01T22:22:54.975-05:00  INFO 34824 --- [uberApp] [           main] j.LocalContainerEntityManagerFactoryBean : Initialized JPA EntityManagerFactory for persistence unit 'default'
2024-10-01T22:22:55.841-05:00  INFO 34824 --- [uberApp] [           main] o.s.d.j.r.query.QueryEnhancerFactory     : Hibernate is in classpath; If applicable, HQL parser will be used.
2024-10-01T22:22:56.830-05:00  WARN 34824 --- [uberApp] [           main] JpaBaseConfiguration$JpaWebConfiguration : spring.jpa.open-in-view is enabled by default. Therefore, database queries may be performed during view rendering. Explicitly configure spring.jpa.open-in-view to disable this warning
2024-10-01T22:22:58.200-05:00  WARN 34824 --- [uberApp] [           main] .s.s.UserDetailsServiceAutoConfiguration : 

Using generated security password: ef4478fe-3759-4639-8383-6b1167cc152e

This generated password is for development use only. Your security configuration must be updated before running your application in production.

2024-10-01T22:22:58.216-05:00  INFO 34824 --- [uberApp] [           main] r$InitializeUserDetailsManagerConfigurer : Global AuthenticationManager configured with UserDetailsService bean with name inMemoryUserDetailsManager
2024-10-01T22:22:58.372-05:00  INFO 34824 --- [uberApp] [           main] o.s.b.a.e.web.EndpointLinksResolver      : Exposing 1 endpoint beneath base path '/actuator'
2024-10-01T22:22:58.634-05:00  INFO 34824 --- [uberApp] [           main] c.v.p.u.uberApp.UberAppApplicationTests  : Started UberAppApplicationTests in 9.194 seconds (process running for 10.465)
]]></system-out>
    <system-err><![CDATA[WARNING: A Java agent has been loaded dynamically (C:\Users\venka\.m2\repository\net\bytebuddy\byte-buddy-agent\1.14.19\byte-buddy-agent-1.14.19.jar)
WARNING: If a serviceability tool is in use, please run with -XX:+EnableDynamicAgentLoading to hide this warning
WARNING: If a serviceability tool is not in use, please run with -Djdk.instrument.traceUsage for more information
WARNING: Dynamic loading of agents will be disallowed by default in a future release
]]></system-err>
  </testcase>
</testsuite>